0 verbose cli [
0 verbose cli   'C:\\Program Files\\nodejs\\node.exe',
0 verbose cli   'C:\\Users\\Aleksandra Miteva\\AppData\\Roaming\\npm\\node_modules\\npm\\bin\\npm-cli.js',
0 verbose cli   'install',
0 verbose cli   '--global',
0 verbose cli   'uuid'
0 verbose cli ]
1 info using npm@8.3.0
2 info using node@v15.14.0
3 timing npm:load:whichnode Completed in 0ms
4 timing config:load:defaults Completed in 2ms
5 timing config:load:file:C:\Users\Aleksandra Miteva\AppData\Roaming\npm\node_modules\npm\npmrc Completed in 19ms
6 timing config:load:builtin Completed in 19ms
7 timing config:load:cli Completed in 5ms
8 timing config:load:env Completed in 0ms
9 timing config:load:project Completed in 2ms
10 timing config:load:file:C:\Users\Aleksandra Miteva\.npmrc Completed in 1ms
11 timing config:load:user Completed in 1ms
12 timing config:load:file:C:\Users\Aleksandra Miteva\AppData\Roaming\npm\etc\npmrc Completed in 1ms
13 timing config:load:global Completed in 1ms
14 timing config:load:validate Completed in 1ms
15 timing config:load:credentials Completed in 1ms
16 timing config:load:setEnvs Completed in 1ms
17 timing config:load Completed in 35ms
18 timing npm:load:configload Completed in 36ms
19 timing npm:load:setTitle Completed in 1ms
20 timing config:load:flatten Completed in 5ms
21 timing npm:load:display Completed in 10ms
22 verbose logfile C:\Users\Aleksandra Miteva\Desktop\CMS_Projekt_Miteva_Galina\tmpnodejsnpm-cache\_logs\2021-12-21T21_42_10_958Z-debug-0.log
23 timing npm:load:logFile Completed in 14ms
24 timing npm:load:timers Completed in 1ms
25 timing npm:load:configScope Completed in 0ms
26 timing npm:load Completed in 64ms
27 timing arborist:ctor Completed in 2ms
28 silly logfile start cleaning logs, removing 3 files
29 timing idealTree:init Completed in 15ms
30 timing idealTree:userRequests Completed in 5ms
31 silly idealTree buildDeps
32 silly fetch manifest uuid@*
33 http fetch GET 200 https://registry.npmjs.org/uuid 413ms (cache revalidated)
34 silly placeDep ROOT uuid@8.3.2 OK for:  want: *
35 timing idealTree:#root Completed in 433ms
36 timing idealTree:node_modules/uuid Completed in 0ms
37 timing idealTree:buildDeps Completed in 437ms
38 timing idealTree:fixDepFlags Completed in 1ms
39 timing idealTree Completed in 459ms
40 timing reify:loadTrees Completed in 466ms
41 timing reify:diffTrees Completed in 2ms
42 silly reify moves {}
43 timing reify:retireShallow Completed in 1ms
44 timing reify:createSparse Completed in 2ms
45 timing reify:loadBundles Completed in 0ms
46 silly audit bulk request { uuid: [ '8.3.2' ] }
47 timing reifyNode:node_modules/uuid Completed in 205ms
48 timing reify:unpack Completed in 206ms
49 timing reify:unretire Completed in 0ms
50 timing build:queue Completed in 2ms
51 timing build:link:node_modules/uuid Completed in 10ms
52 timing build:link Completed in 10ms
53 timing build:deps Completed in 13ms
54 timing build Completed in 14ms
55 timing reify:build Completed in 14ms
56 timing reify:trash Completed in 0ms
57 http fetch POST 200 https://registry.npmjs.org/-/npm/v1/security/advisories/bulk 437ms
58 timing auditReport:getReport Completed in 440ms
59 silly audit report {}
60 timing auditReport:init Completed in 0ms
61 timing reify:audit Completed in 442ms
62 timing reify Completed in 943ms
63 silly ADD node_modules/uuid
64 timing command:install Completed in 961ms
65 verbose exit 0
66 timing npm Completed in 2027ms
67 info ok
