0 verbose cli [
0 verbose cli   'C:\\Program Files\\nodejs\\node.exe',
0 verbose cli   'C:\\Users\\Aleksandra Miteva\\AppData\\Roaming\\npm\\node_modules\\npm\\bin\\npm-cli.js',
0 verbose cli   'start'
0 verbose cli ]
1 info using npm@8.3.0
2 info using node@v15.14.0
3 timing npm:load:whichnode Completed in 1ms
4 timing config:load:defaults Completed in 2ms
5 timing config:load:file:C:\Users\Aleksandra Miteva\AppData\Roaming\npm\node_modules\npm\npmrc Completed in 13ms
6 timing config:load:builtin Completed in 13ms
7 timing config:load:cli Completed in 2ms
8 timing config:load:env Completed in 1ms
9 timing config:load:file:C:\Users\Aleksandra Miteva\Desktop\CMS_Projekt_Miteva_Galina\.npmrc Completed in 0ms
10 timing config:load:project Completed in 2ms
11 timing config:load:file:C:\Users\Aleksandra Miteva\.npmrc Completed in 1ms
12 timing config:load:user Completed in 1ms
13 timing config:load:file:C:\Users\Aleksandra Miteva\AppData\Roaming\npm\etc\npmrc Completed in 1ms
14 timing config:load:global Completed in 1ms
15 timing config:load:validate Completed in 1ms
16 timing config:load:credentials Completed in 2ms
17 timing config:load:setEnvs Completed in 2ms
18 timing config:load Completed in 28ms
19 timing npm:load:configload Completed in 28ms
20 timing npm:load:setTitle Completed in 1ms
21 timing config:load:flatten Completed in 4ms
22 timing npm:load:display Completed in 6ms
23 verbose logfile C:\Users\Aleksandra Miteva\Desktop\CMS_Projekt_Miteva_Galina\tmpnodejsnpm-cache\_logs\2021-12-21T19_02_21_767Z-debug-0.log
24 timing npm:load:logFile Completed in 9ms
25 timing npm:load:timers Completed in 0ms
26 timing npm:load:configScope Completed in 0ms
27 timing npm:load Completed in 46ms
28 silly logfile start cleaning logs, removing 1 files
29 timing command:run-script Completed in 6ms
30 timing command:start Completed in 16ms
31 verbose stack Error: ENOENT: no such file or directory, open 'C:\Users\Aleksandra Miteva\Desktop\CMS_Projekt_Miteva_Galina\package.json'
32 verbose cwd C:\Users\Aleksandra Miteva\Desktop\CMS_Projekt_Miteva_Galina
33 verbose Windows_NT 10.0.19043
34 verbose argv "C:\\Program Files\\nodejs\\node.exe" "C:\\Users\\Aleksandra Miteva\\AppData\\Roaming\\npm\\node_modules\\npm\\bin\\npm-cli.js" "start"
35 verbose node v15.14.0
36 verbose npm  v8.3.0
37 error code ENOENT
38 error syscall open
39 error path C:\Users\Aleksandra Miteva\Desktop\CMS_Projekt_Miteva_Galina/package.json
40 error errno -4058
41 error enoent ENOENT: no such file or directory, open 'C:\Users\Aleksandra Miteva\Desktop\CMS_Projekt_Miteva_Galina\package.json'
42 error enoent This is related to npm not being able to find a file.
42 error enoent
43 verbose exit -4058
44 timing npm Completed in 481ms
45 verbose code -4058
46 error A complete log of this run can be found in:
46 error     C:\Users\Aleksandra Miteva\Desktop\CMS_Projekt_Miteva_Galina\tmpnodejsnpm-cache\_logs\2021-12-21T19_02_21_767Z-debug-0.log
