0 verbose cli [
0 verbose cli   'C:\\Program Files\\nodejs\\node.exe',
0 verbose cli   'C:\\Users\\Aleksandra Miteva\\AppData\\Roaming\\npm\\node_modules\\npm\\bin\\npm-cli.js',
0 verbose cli   'exec',
0 verbose cli   '--',
0 verbose cli   'create-react-app',
0 verbose cli   'frontend'
0 verbose cli ]
1 info using npm@8.3.0
2 info using node@v15.14.0
3 timing npm:load:whichnode Completed in 0ms
4 timing config:load:defaults Completed in 1ms
5 timing config:load:file:C:\Users\Aleksandra Miteva\AppData\Roaming\npm\node_modules\npm\npmrc Completed in 10ms
6 timing config:load:builtin Completed in 10ms
7 timing config:load:cli Completed in 2ms
8 timing config:load:env Completed in 0ms
9 timing config:load:file:C:\Users\Aleksandra Miteva\Desktop\CMS_Projekt_Miteva_Galina\.npmrc Completed in 0ms
10 timing config:load:project Completed in 1ms
11 timing config:load:file:C:\Users\Aleksandra Miteva\.npmrc Completed in 0ms
12 timing config:load:user Completed in 0ms
13 timing config:load:file:C:\Users\Aleksandra Miteva\AppData\Roaming\npm\etc\npmrc Completed in 0ms
14 timing config:load:global Completed in 0ms
15 timing config:load:validate Completed in 1ms
16 timing config:load:credentials Completed in 1ms
17 timing config:load:setEnvs Completed in 0ms
18 timing config:load Completed in 17ms
19 timing npm:load:configload Completed in 17ms
20 timing npm:load:setTitle Completed in 0ms
21 timing config:load:flatten Completed in 3ms
22 timing npm:load:display Completed in 5ms
23 verbose logfile C:\Users\Aleksandra Miteva\Desktop\CMS_Projekt_Miteva_Galina\tmpnodejsnpm-cache\_logs\2021-12-21T18_56_59_586Z-debug-0.log
24 timing npm:load:logFile Completed in 9ms
25 timing npm:load:timers Completed in 1ms
26 timing npm:load:configScope Completed in 0ms
27 timing npm:load Completed in 34ms
