0 verbose cli [
0 verbose cli   'C:\\Program Files\\nodejs\\node.exe',
0 verbose cli   'C:\\Users\\Aleksandra Miteva\\AppData\\Roaming\\npm\\node_modules\\npm\\bin\\npm-cli.js',
0 verbose cli   'install',
0 verbose cli   '@strapi/design-system'
0 verbose cli ]
1 info using npm@8.3.0
2 info using node@v15.14.0
3 timing npm:load:whichnode Completed in 0ms
4 timing config:load:defaults Completed in 3ms
5 timing config:load:file:C:\Users\Aleksandra Miteva\AppData\Roaming\npm\node_modules\npm\npmrc Completed in 10ms
6 timing config:load:builtin Completed in 11ms
7 timing config:load:cli Completed in 1ms
8 timing config:load:env Completed in 1ms
9 timing config:load:file:C:\Users\Aleksandra Miteva\Desktop\CMS_Projekt_Miteva_Galina\.npmrc Completed in 0ms
10 timing config:load:project Completed in 2ms
11 timing config:load:file:C:\Users\Aleksandra Miteva\.npmrc Completed in 0ms
12 timing config:load:user Completed in 1ms
13 timing config:load:file:C:\Users\Aleksandra Miteva\AppData\Roaming\npm\etc\npmrc Completed in 1ms
14 timing config:load:global Completed in 1ms
15 timing config:load:validate Completed in 1ms
16 timing config:load:credentials Completed in 1ms
17 timing config:load:setEnvs Completed in 1ms
18 timing config:load Completed in 24ms
19 timing npm:load:configload Completed in 24ms
20 timing npm:load:setTitle Completed in 0ms
21 timing config:load:flatten Completed in 5ms
22 timing npm:load:display Completed in 6ms
23 verbose logfile C:\Users\Aleksandra Miteva\Desktop\CMS_Projekt_Miteva_Galina\tmpnodejsnpm-cache\_logs\2021-12-21T18_53_05_646Z-debug-0.log
24 timing npm:load:logFile Completed in 8ms
25 timing npm:load:timers Completed in 0ms
26 timing npm:load:configScope Completed in 0ms
27 timing npm:load Completed in 40ms
28 timing arborist:ctor Completed in 1ms
29 timing arborist:ctor Completed in 0ms
30 timing idealTree:init Completed in 16ms
31 timing idealTree:userRequests Completed in 3ms
32 silly idealTree buildDeps
33 silly fetch manifest @strapi/design-system@*
34 http fetch GET 200 https://registry.npmjs.org/@strapi%2fdesign-system 514ms (cache revalidated)
35 silly fetch manifest @strapi/icons@^0.0.1-alpha.4
36 http fetch GET 200 https://registry.npmjs.org/@strapi%2ficons 193ms (cache revalidated)
37 silly fetch manifest react@^17.0.1
38 http fetch GET 200 https://registry.npmjs.org/react 108ms (cache revalidated)
39 silly fetch manifest react-dom@^17.0.1
40 http fetch GET 200 https://registry.npmjs.org/react-dom 397ms (cache revalidated)
41 silly fetch manifest react-router-dom@^5.2.0
42 http fetch GET 200 https://registry.npmjs.org/react-router-dom 96ms (cache revalidated)
43 silly fetch manifest styled-components@^5.2.1
44 http fetch GET 200 https://registry.npmjs.org/styled-components 112ms (cache revalidated)
45 silly fetch manifest react-is@>= 16.8.0
46 http fetch GET 200 https://registry.npmjs.org/react-is 101ms (cache revalidated)
47 silly placeDep ROOT @strapi/design-system@0.0.1-alpha.71 OK for:  want: *
48 silly placeDep ROOT @strapi/icons@0.0.1-alpha.71 OK for: @strapi/design-system@0.0.1-alpha.71 want: ^0.0.1-alpha.4
49 silly placeDep ROOT react@17.0.2 OK for: @strapi/icons@0.0.1-alpha.71 want: ^17.0.1
50 silly placeDep ROOT react-dom@17.0.2 OK for: @strapi/icons@0.0.1-alpha.71 want: ^17.0.1
51 silly placeDep ROOT react-router-dom@5.3.0 OK for: @strapi/design-system@0.0.1-alpha.71 want: ^5.2.0
52 silly placeDep ROOT styled-components@5.3.3 OK for: @strapi/design-system@0.0.1-alpha.71 want: ^5.2.1
53 silly placeDep ROOT react-is@17.0.2 OK for: styled-components@5.3.3 want: >= 16.8.0
54 silly fetch manifest @internationalized/number@^3.0.2
55 silly fetch manifest compute-scroll-into-view@^1.0.17
56 silly fetch manifest prop-types@^15.7.2
57 silly fetch manifest @babel/helper-module-imports@^7.0.0
58 silly fetch manifest @babel/traverse@^7.4.5
59 silly fetch manifest @emotion/is-prop-valid@^0.8.8
60 silly fetch manifest @emotion/stylis@^0.8.4
61 silly fetch manifest @emotion/unitless@^0.7.4
62 silly fetch manifest babel-plugin-styled-components@>= 1.12.0
63 silly fetch manifest css-to-react-native@^3.0.0
64 silly fetch manifest hoist-non-react-statics@^3.0.0
65 silly fetch manifest shallowequal@^1.1.0
66 silly fetch manifest supports-color@^5.5.0
67 silly fetch manifest @babel/runtime@^7.12.13
68 silly fetch manifest history@^4.9.0
69 silly fetch manifest loose-envify@^1.3.1
70 silly fetch manifest prop-types@^15.6.2
71 silly fetch manifest react-router@5.2.1
72 silly fetch manifest tiny-invariant@^1.0.2
73 silly fetch manifest tiny-warning@^1.0.0
74 silly fetch manifest loose-envify@^1.1.0
75 silly fetch manifest object-assign@^4.1.1
76 silly fetch manifest scheduler@^0.20.2
77 http fetch GET 200 https://registry.npmjs.org/prop-types 230ms (cache revalidated)
78 http fetch GET 200 https://registry.npmjs.org/tiny-invariant 283ms (cache revalidated)
79 http fetch GET 200 https://registry.npmjs.org/shallowequal 338ms (cache revalidated)
80 http fetch GET 200 https://registry.npmjs.org/@babel%2fhelper-module-imports 358ms (cache revalidated)
81 http fetch GET 200 https://registry.npmjs.org/babel-plugin-styled-components 355ms (cache revalidated)
82 http fetch GET 200 https://registry.npmjs.org/css-to-react-native 356ms (cache revalidated)
83 http fetch GET 200 https://registry.npmjs.org/compute-scroll-into-view 365ms (cache revalidated)
84 http fetch GET 200 https://registry.npmjs.org/hoist-non-react-statics 357ms (cache revalidated)
85 http fetch GET 200 https://registry.npmjs.org/@babel%2ftraverse 365ms (cache revalidated)
86 http fetch GET 200 https://registry.npmjs.org/object-assign 374ms (cache revalidated)
87 http fetch GET 200 https://registry.npmjs.org/react-router 399ms (cache revalidated)
88 http fetch GET 200 https://registry.npmjs.org/loose-envify 411ms (cache revalidated)
89 http fetch GET 200 https://registry.npmjs.org/@emotion%2funitless 424ms (cache revalidated)
90 http fetch GET 200 https://registry.npmjs.org/tiny-warning 409ms (cache revalidated)
91 http fetch GET 200 https://registry.npmjs.org/history 416ms (cache revalidated)
92 http fetch GET 200 https://registry.npmjs.org/supports-color 428ms (cache revalidated)
93 http fetch GET 200 https://registry.npmjs.org/@emotion%2fis-prop-valid 444ms (cache revalidated)
94 http fetch GET 200 https://registry.npmjs.org/@emotion%2fstylis 446ms (cache revalidated)
95 http fetch GET 200 https://registry.npmjs.org/scheduler 434ms (cache revalidated)
96 http fetch GET 200 https://registry.npmjs.org/@internationalized%2fnumber 516ms (cache revalidated)
97 http fetch GET 200 https://registry.npmjs.org/@babel%2fruntime 1398ms (cache revalidated)
98 timing idealTree:#root Completed in 2998ms
99 silly placeDep ROOT @internationalized/number@3.0.3 OK for: @strapi/design-system@0.0.1-alpha.71 want: ^3.0.2
100 silly placeDep ROOT compute-scroll-into-view@1.0.17 OK for: @strapi/design-system@0.0.1-alpha.71 want: ^1.0.17
101 silly placeDep ROOT prop-types@15.7.2 OK for: @strapi/design-system@0.0.1-alpha.71 want: ^15.7.2
102 silly fetch manifest @babel/runtime@^7.6.2
103 silly fetch manifest loose-envify@^1.4.0
104 silly fetch manifest react-is@^16.8.1
105 timing idealTree:node_modules/@strapi/design-system Completed in 18ms
106 silly placeDep ROOT @babel/runtime@7.16.5 OK for: @internationalized/number@3.0.3 want: ^7.6.2
107 silly fetch manifest regenerator-runtime@^0.13.4
108 http fetch GET 200 https://registry.npmjs.org/regenerator-runtime 126ms (cache revalidated)
109 timing idealTree:node_modules/@internationalized/number Completed in 129ms
110 silly placeDep ROOT regenerator-runtime@0.13.9 OK for: @babel/runtime@7.16.5 want: ^0.13.4
111 timing idealTree:node_modules/@babel/runtime Completed in 4ms
112 timing idealTree:node_modules/@strapi/icons Completed in 0ms
113 timing idealTree:node_modules/compute-scroll-into-view Completed in 0ms
114 silly placeDep ROOT loose-envify@1.4.0 OK for: prop-types@15.7.2 want: ^1.4.0
115 silly placeDep ROOT object-assign@4.1.1 OK for: prop-types@15.7.2 want: ^4.1.1
116 silly placeDep node_modules/prop-types react-is@16.13.1 OK for: prop-types@15.7.2 want: ^16.8.1
117 silly fetch manifest js-tokens@^3.0.0 || ^4.0.0
118 http fetch GET 200 https://registry.npmjs.org/js-tokens 125ms (cache revalidated)
119 timing idealTree:node_modules/prop-types Completed in 135ms
120 silly placeDep ROOT js-tokens@4.0.0 OK for: loose-envify@1.4.0 want: ^3.0.0 || ^4.0.0
121 timing idealTree:node_modules/loose-envify Completed in 2ms
122 timing idealTree:node_modules/js-tokens Completed in 0ms
123 timing idealTree:node_modules/object-assign Completed in 0ms
124 timing idealTree:node_modules/react Completed in 0ms
125 silly placeDep ROOT scheduler@0.20.2 OK for: react-dom@17.0.2 want: ^0.20.2
126 timing idealTree:node_modules/react-dom Completed in 2ms
127 timing idealTree:node_modules/react-is Completed in 0ms
128 silly fetch manifest react@>=15
129 silly placeDep ROOT history@4.10.1 OK for: react-router-dom@5.3.0 want: ^4.9.0
130 silly placeDep ROOT react-router@5.2.1 OK for: react-router-dom@5.3.0 want: 5.2.1
131 silly placeDep ROOT tiny-invariant@1.2.0 OK for: react-router-dom@5.3.0 want: ^1.0.2
132 silly placeDep ROOT tiny-warning@1.0.3 OK for: react-router-dom@5.3.0 want: ^1.0.0
133 silly fetch manifest resolve-pathname@^3.0.0
134 silly fetch manifest value-equal@^1.0.1
135 silly fetch manifest hoist-non-react-statics@^3.1.0
136 silly fetch manifest mini-create-react-context@^0.4.0
137 silly fetch manifest path-to-regexp@^1.7.0
138 silly fetch manifest react-is@^16.6.0
139 http fetch GET 200 https://registry.npmjs.org/path-to-regexp 111ms (cache revalidated)
140 http fetch GET 200 https://registry.npmjs.org/mini-create-react-context 141ms (cache revalidated)
141 http fetch GET 200 https://registry.npmjs.org/resolve-pathname 156ms (cache revalidated)
142 http fetch GET 200 https://registry.npmjs.org/value-equal 156ms (cache revalidated)
143 timing idealTree:node_modules/react-router-dom Completed in 169ms
144 silly placeDep ROOT resolve-pathname@3.0.0 OK for: history@4.10.1 want: ^3.0.0
145 silly placeDep ROOT value-equal@1.0.1 OK for: history@4.10.1 want: ^1.0.1
146 timing idealTree:node_modules/history Completed in 4ms
147 silly placeDep ROOT hoist-non-react-statics@3.3.2 OK for: react-router@5.2.1 want: ^3.1.0
148 silly placeDep ROOT mini-create-react-context@0.4.1 OK for: react-router@5.2.1 want: ^0.4.0
149 silly placeDep ROOT path-to-regexp@1.8.0 OK for: react-router@5.2.1 want: ^1.7.0
150 silly placeDep node_modules/react-router react-is@16.13.1 OK for: react-router@5.2.1 want: ^16.6.0
151 silly fetch manifest react-is@^16.7.0
152 silly fetch manifest isarray@0.0.1
153 http fetch GET 200 https://registry.npmjs.org/isarray 117ms (cache revalidated)
154 timing idealTree:node_modules/react-router Completed in 134ms
155 silly placeDep node_modules/hoist-non-react-statics react-is@16.13.1 OK for: hoist-non-react-statics@3.3.2 want: ^16.7.0
156 timing idealTree:node_modules/hoist-non-react-statics Completed in 1ms
157 timing idealTree:node_modules/mini-create-react-context Completed in 0ms
158 silly placeDep ROOT isarray@0.0.1 OK for: path-to-regexp@1.8.0 want: 0.0.1
159 timing idealTree:node_modules/path-to-regexp Completed in 1ms
160 timing idealTree:node_modules/isarray Completed in 0ms
161 timing idealTree:node_modules/regenerator-runtime Completed in 0ms
162 timing idealTree:node_modules/resolve-pathname Completed in 0ms
163 timing idealTree:node_modules/scheduler Completed in 0ms
164 silly fetch manifest styled-components@>= 2
165 silly fetch manifest react@>= 16.8.0
166 silly fetch manifest react-dom@>= 16.8.0
167 silly placeDep ROOT @babel/helper-module-imports@7.16.0 OK for: styled-components@5.3.3 want: ^7.0.0
168 silly placeDep ROOT @babel/traverse@7.16.5 OK for: styled-components@5.3.3 want: ^7.4.5
169 silly placeDep ROOT @emotion/is-prop-valid@0.8.8 OK for: styled-components@5.3.3 want: ^0.8.8
170 silly placeDep ROOT @emotion/stylis@0.8.5 OK for: styled-components@5.3.3 want: ^0.8.4
171 silly placeDep ROOT @emotion/unitless@0.7.5 OK for: styled-components@5.3.3 want: ^0.7.4
172 silly placeDep ROOT babel-plugin-styled-components@2.0.2 OK for: styled-components@5.3.3 want: >= 1.12.0
173 silly placeDep ROOT css-to-react-native@3.0.0 OK for: styled-components@5.3.3 want: ^3.0.0
174 silly placeDep ROOT shallowequal@1.1.0 OK for: styled-components@5.3.3 want: ^1.1.0
175 silly placeDep ROOT supports-color@5.5.0 OK for: styled-components@5.3.3 want: ^5.5.0
176 silly fetch manifest @babel/types@^7.16.0
177 silly fetch manifest @babel/code-frame@^7.16.0
178 silly fetch manifest @babel/generator@^7.16.5
179 silly fetch manifest @babel/helper-environment-visitor@^7.16.5
180 silly fetch manifest @babel/helper-function-name@^7.16.0
181 silly fetch manifest @babel/helper-hoist-variables@^7.16.0
182 silly fetch manifest @babel/helper-split-export-declaration@^7.16.0
183 silly fetch manifest @babel/parser@^7.16.5
184 silly fetch manifest debug@^4.1.0
185 silly fetch manifest globals@^11.1.0
186 silly fetch manifest @emotion/memoize@0.7.4
187 silly fetch manifest @babel/helper-annotate-as-pure@^7.16.0
188 silly fetch manifest babel-plugin-syntax-jsx@^6.18.0
189 silly fetch manifest lodash@^4.17.11
190 silly fetch manifest camelize@^1.0.0
191 silly fetch manifest css-color-keywords@^1.0.0
192 silly fetch manifest postcss-value-parser@^4.0.2
193 silly fetch manifest has-flag@^3.0.0
194 http fetch GET 200 https://registry.npmjs.org/debug 145ms (cache revalidated)
195 http fetch GET 200 https://registry.npmjs.org/babel-plugin-syntax-jsx 147ms (cache revalidated)
196 http fetch GET 200 https://registry.npmjs.org/@babel%2ftypes 167ms (cache revalidated)
197 http fetch GET 200 https://registry.npmjs.org/lodash 270ms (cache revalidated)
198 http fetch GET 200 https://registry.npmjs.org/camelize 271ms (cache revalidated)
199 http fetch GET 200 https://registry.npmjs.org/@babel%2fhelper-function-name 287ms (cache revalidated)
200 http fetch GET 200 https://registry.npmjs.org/postcss-value-parser 275ms (cache revalidated)
201 http fetch GET 200 https://registry.npmjs.org/@babel%2fgenerator 291ms (cache revalidated)
202 http fetch GET 200 https://registry.npmjs.org/@babel%2fhelper-environment-visitor 292ms (cache revalidated)
203 http fetch GET 200 https://registry.npmjs.org/@babel%2fhelper-annotate-as-pure 283ms (cache revalidated)
204 http fetch GET 200 https://registry.npmjs.org/@babel%2fhelper-split-export-declaration 290ms (cache revalidated)
205 http fetch GET 200 https://registry.npmjs.org/globals 293ms (cache revalidated)
206 http fetch GET 200 https://registry.npmjs.org/@babel%2fcode-frame 308ms (cache revalidated)
207 http fetch GET 200 https://registry.npmjs.org/@babel%2fparser 306ms (cache revalidated)
208 http fetch GET 200 https://registry.npmjs.org/has-flag 312ms (cache revalidated)
209 http fetch GET 200 https://registry.npmjs.org/css-color-keywords 317ms (cache revalidated)
210 http fetch GET 200 https://registry.npmjs.org/@babel%2fhelper-hoist-variables 331ms (cache revalidated)
211 http fetch GET 200 https://registry.npmjs.org/@emotion%2fmemoize 1809ms (cache revalidated)
212 timing idealTree:node_modules/styled-components Completed in 1835ms
213 silly placeDep ROOT @babel/types@7.16.0 OK for: @babel/helper-module-imports@7.16.0 want: ^7.16.0
214 silly fetch manifest @babel/helper-validator-identifier@^7.15.7
215 silly fetch manifest to-fast-properties@^2.0.0
216 http fetch GET 200 https://registry.npmjs.org/to-fast-properties 134ms (cache revalidated)
217 http fetch GET 200 https://registry.npmjs.org/@babel%2fhelper-validator-identifier 145ms (cache revalidated)
218 timing idealTree:node_modules/@babel/helper-module-imports Completed in 148ms
219 silly placeDep ROOT @babel/code-frame@7.16.0 OK for: @babel/traverse@7.16.5 want: ^7.16.0
220 silly placeDep ROOT @babel/generator@7.16.5 OK for: @babel/traverse@7.16.5 want: ^7.16.5
221 silly placeDep ROOT @babel/helper-environment-visitor@7.16.5 OK for: @babel/traverse@7.16.5 want: ^7.16.5
222 silly placeDep ROOT @babel/helper-function-name@7.16.0 OK for: @babel/traverse@7.16.5 want: ^7.16.0
223 silly placeDep ROOT @babel/helper-hoist-variables@7.16.0 OK for: @babel/traverse@7.16.5 want: ^7.16.0
224 silly placeDep ROOT @babel/helper-split-export-declaration@7.16.0 OK for: @babel/traverse@7.16.5 want: ^7.16.0
225 silly placeDep ROOT @babel/parser@7.16.6 OK for: @babel/traverse@7.16.5 want: ^7.16.5
226 silly placeDep ROOT debug@4.3.3 OK for: @babel/traverse@7.16.5 want: ^4.1.0
227 silly placeDep ROOT globals@11.12.0 OK for: @babel/traverse@7.16.5 want: ^11.1.0
228 silly fetch manifest @babel/highlight@^7.16.0
229 silly fetch manifest jsesc@^2.5.1
230 silly fetch manifest source-map@^0.5.0
231 silly fetch manifest @babel/helper-get-function-arity@^7.16.0
232 silly fetch manifest @babel/template@^7.16.0
233 silly fetch manifest ms@2.1.2
234 http fetch GET 200 https://registry.npmjs.org/jsesc 79ms (cache revalidated)
235 http fetch GET 200 https://registry.npmjs.org/source-map 140ms (cache revalidated)
236 http fetch GET 200 https://registry.npmjs.org/@babel%2fhighlight 146ms (cache revalidated)
237 http fetch GET 200 https://registry.npmjs.org/ms 147ms (cache revalidated)
238 http fetch GET 200 https://registry.npmjs.org/@babel%2fhelper-get-function-arity 160ms (cache revalidated)
239 http fetch GET 200 https://registry.npmjs.org/@babel%2ftemplate 163ms (cache revalidated)
240 timing idealTree:node_modules/@babel/traverse Completed in 179ms
241 silly placeDep ROOT @babel/highlight@7.16.0 OK for: @babel/code-frame@7.16.0 want: ^7.16.0
242 silly fetch manifest chalk@^2.0.0
243 http fetch GET 200 https://registry.npmjs.org/chalk 89ms (cache revalidated)
244 timing idealTree:node_modules/@babel/code-frame Completed in 98ms
245 silly placeDep ROOT jsesc@2.5.2 OK for: @babel/generator@7.16.5 want: ^2.5.1
246 silly placeDep ROOT source-map@0.5.7 OK for: @babel/generator@7.16.5 want: ^0.5.0
247 timing idealTree:node_modules/@babel/generator Completed in 2ms
248 timing idealTree:node_modules/@babel/helper-environment-visitor Completed in 0ms
249 silly placeDep ROOT @babel/helper-get-function-arity@7.16.0 OK for: @babel/helper-function-name@7.16.0 want: ^7.16.0
250 silly placeDep ROOT @babel/template@7.16.0 OK for: @babel/helper-function-name@7.16.0 want: ^7.16.0
251 timing idealTree:node_modules/@babel/helper-function-name Completed in 3ms
252 timing idealTree:node_modules/@babel/helper-get-function-arity Completed in 0ms
253 timing idealTree:node_modules/@babel/helper-hoist-variables Completed in 0ms
254 timing idealTree:node_modules/@babel/helper-split-export-declaration Completed in 0ms
255 silly placeDep ROOT @babel/helper-validator-identifier@7.15.7 OK for: @babel/highlight@7.16.0 want: ^7.15.7
256 silly placeDep ROOT chalk@2.4.2 OK for: @babel/highlight@7.16.0 want: ^2.0.0
257 silly fetch manifest ansi-styles@^3.2.1
258 silly fetch manifest escape-string-regexp@^1.0.5
259 http fetch GET 200 https://registry.npmjs.org/ansi-styles 96ms (cache revalidated)
260 http fetch GET 200 https://registry.npmjs.org/escape-string-regexp 106ms (cache revalidated)
261 timing idealTree:node_modules/@babel/highlight Completed in 115ms
262 timing idealTree:node_modules/@babel/helper-validator-identifier Completed in 0ms
263 timing idealTree:node_modules/@babel/parser Completed in 0ms
264 timing idealTree:node_modules/@babel/template Completed in 0ms
265 silly placeDep ROOT to-fast-properties@2.0.0 OK for: @babel/types@7.16.0 want: ^2.0.0
266 timing idealTree:node_modules/@babel/types Completed in 1ms
267 silly placeDep ROOT @emotion/memoize@0.7.4 OK for: @emotion/is-prop-valid@0.8.8 want: 0.7.4
268 timing idealTree:node_modules/@emotion/is-prop-valid Completed in 3ms
269 timing idealTree:node_modules/@emotion/memoize Completed in 0ms
270 timing idealTree:node_modules/@emotion/stylis Completed in 0ms
271 timing idealTree:node_modules/@emotion/unitless Completed in 0ms
272 silly placeDep ROOT @babel/helper-annotate-as-pure@7.16.0 OK for: babel-plugin-styled-components@2.0.2 want: ^7.16.0
273 silly placeDep ROOT babel-plugin-syntax-jsx@6.18.0 OK for: babel-plugin-styled-components@2.0.2 want: ^6.18.0
274 silly placeDep ROOT lodash@4.17.21 OK for: babel-plugin-styled-components@2.0.2 want: ^4.17.11
275 timing idealTree:node_modules/babel-plugin-styled-components Completed in 6ms
276 timing idealTree:node_modules/@babel/helper-annotate-as-pure Completed in 0ms
277 timing idealTree:node_modules/babel-plugin-syntax-jsx Completed in 0ms
278 silly placeDep ROOT ansi-styles@3.2.1 OK for: chalk@2.4.2 want: ^3.2.1
279 silly placeDep ROOT escape-string-regexp@1.0.5 OK for: chalk@2.4.2 want: ^1.0.5
280 silly fetch manifest color-convert@^1.9.0
281 http fetch GET 200 https://registry.npmjs.org/color-convert 100ms (cache revalidated)
282 timing idealTree:node_modules/chalk Completed in 104ms
283 silly placeDep ROOT color-convert@1.9.3 OK for: ansi-styles@3.2.1 want: ^1.9.0
284 silly fetch manifest color-name@1.1.3
285 http fetch GET 200 https://registry.npmjs.org/color-name 100ms (cache revalidated)
286 timing idealTree:node_modules/ansi-styles Completed in 104ms
287 silly placeDep ROOT color-name@1.1.3 OK for: color-convert@1.9.3 want: 1.1.3
288 timing idealTree:node_modules/color-convert Completed in 2ms
289 timing idealTree:node_modules/color-name Completed in 0ms
290 silly placeDep ROOT camelize@1.0.0 OK for: css-to-react-native@3.0.0 want: ^1.0.0
291 silly placeDep ROOT css-color-keywords@1.0.0 OK for: css-to-react-native@3.0.0 want: ^1.0.0
292 silly placeDep ROOT postcss-value-parser@4.2.0 OK for: css-to-react-native@3.0.0 want: ^4.0.2
293 timing idealTree:node_modules/css-to-react-native Completed in 7ms
294 timing idealTree:node_modules/camelize Completed in 0ms
295 timing idealTree:node_modules/css-color-keywords Completed in 0ms
296 silly placeDep ROOT ms@2.1.2 OK for: debug@4.3.3 want: 2.1.2
297 timing idealTree:node_modules/debug Completed in 1ms
298 timing idealTree:node_modules/escape-string-regexp Completed in 0ms
299 timing idealTree:node_modules/globals Completed in 1ms
300 timing idealTree:node_modules/jsesc Completed in 0ms
301 timing idealTree:node_modules/lodash Completed in 0ms
302 timing idealTree:node_modules/ms Completed in 0ms
303 timing idealTree:node_modules/postcss-value-parser Completed in 0ms
304 timing idealTree:node_modules/shallowequal Completed in 0ms
305 timing idealTree:node_modules/source-map Completed in 0ms
306 silly placeDep ROOT has-flag@3.0.0 OK for: supports-color@5.5.0 want: ^3.0.0
307 timing idealTree:node_modules/supports-color Completed in 2ms
308 timing idealTree:node_modules/has-flag Completed in 0ms
309 timing idealTree:node_modules/tiny-invariant Completed in 0ms
310 timing idealTree:node_modules/tiny-warning Completed in 0ms
311 timing idealTree:node_modules/to-fast-properties Completed in 0ms
312 timing idealTree:node_modules/value-equal Completed in 0ms
313 timing idealTree:node_modules/hoist-non-react-statics/node_modules/react-is Completed in 0ms
314 timing idealTree:node_modules/prop-types/node_modules/react-is Completed in 1ms
315 timing idealTree:node_modules/react-router/node_modules/react-is Completed in 0ms
316 timing idealTree:buildDeps Completed in 6219ms
317 timing idealTree:fixDepFlags Completed in 2ms
318 timing idealTree Completed in 6244ms
319 timing reify:loadTrees Completed in 6244ms
320 timing reify:diffTrees Completed in 5ms
321 silly reify moves {}
322 timing reify:retireShallow Completed in 0ms
323 timing reify:createSparse Completed in 44ms
324 timing reify:loadBundles Completed in 0ms
325 silly audit bulk request {
325 silly audit   '@strapi/design-system': [ '0.0.1-alpha.71' ],
325 silly audit   '@strapi/icons': [ '0.0.1-alpha.71' ],
325 silly audit   react: [ '17.0.2' ],
325 silly audit   'react-dom': [ '17.0.2' ],
325 silly audit   'react-router-dom': [ '5.3.0' ],
325 silly audit   'styled-components': [ '5.3.3' ],
325 silly audit   'react-is': [ '17.0.2', '16.13.1' ],
325 silly audit   '@internationalized/number': [ '3.0.3' ],
325 silly audit   'compute-scroll-into-view': [ '1.0.17' ],
325 silly audit   'prop-types': [ '15.7.2' ],
325 silly audit   '@babel/runtime': [ '7.16.5' ],
325 silly audit   'regenerator-runtime': [ '0.13.9' ],
325 silly audit   'loose-envify': [ '1.4.0' ],
325 silly audit   'object-assign': [ '4.1.1' ],
325 silly audit   'js-tokens': [ '4.0.0' ],
325 silly audit   scheduler: [ '0.20.2' ],
325 silly audit   history: [ '4.10.1' ],
325 silly audit   'react-router': [ '5.2.1' ],
325 silly audit   'tiny-invariant': [ '1.2.0' ],
325 silly audit   'tiny-warning': [ '1.0.3' ],
325 silly audit   'resolve-pathname': [ '3.0.0' ],
325 silly audit   'value-equal': [ '1.0.1' ],
325 silly audit   'hoist-non-react-statics': [ '3.3.2' ],
325 silly audit   'mini-create-react-context': [ '0.4.1' ],
325 silly audit   'path-to-regexp': [ '1.8.0' ],
325 silly audit   isarray: [ '0.0.1' ],
325 silly audit   '@babel/helper-module-imports': [ '7.16.0' ],
325 silly audit   '@babel/traverse': [ '7.16.5' ],
325 silly audit   '@emotion/is-prop-valid': [ '0.8.8' ],
325 silly audit   '@emotion/stylis': [ '0.8.5' ],
325 silly audit   '@emotion/unitless': [ '0.7.5' ],
325 silly audit   'babel-plugin-styled-components': [ '2.0.2' ],
325 silly audit   'css-to-react-native': [ '3.0.0' ],
325 silly audit   shallowequal: [ '1.1.0' ],
325 silly audit   'supports-color': [ '5.5.0' ],
325 silly audit   '@babel/types': [ '7.16.0' ],
325 silly audit   '@babel/code-frame': [ '7.16.0' ],
325 silly audit   '@babel/generator': [ '7.16.5' ],
325 silly audit   '@babel/helper-environment-visitor': [ '7.16.5' ],
325 silly audit   '@babel/helper-function-name': [ '7.16.0' ],
325 silly audit   '@babel/helper-hoist-variables': [ '7.16.0' ],
325 silly audit   '@babel/helper-split-export-declaration': [ '7.16.0' ],
325 silly audit   '@babel/parser': [ '7.16.6' ],
325 silly audit   debug: [ '4.3.3' ],
325 silly audit   globals: [ '11.12.0' ],
325 silly audit   '@babel/highlight': [ '7.16.0' ],
325 silly audit   jsesc: [ '2.5.2' ],
325 silly audit   'source-map': [ '0.5.7' ],
325 silly audit   '@babel/helper-get-function-arity': [ '7.16.0' ],
325 silly audit   '@babel/template': [ '7.16.0' ],
325 silly audit   '@babel/helper-validator-identifier': [ '7.15.7' ],
325 silly audit   chalk: [ '2.4.2' ],
325 silly audit   'to-fast-properties': [ '2.0.0' ],
325 silly audit   '@emotion/memoize': [ '0.7.4' ],
325 silly audit   '@babel/helper-annotate-as-pure': [ '7.16.0' ],
325 silly audit   'babel-plugin-syntax-jsx': [ '6.18.0' ],
325 silly audit   lodash: [ '4.17.21' ],
325 silly audit   'ansi-styles': [ '3.2.1' ],
325 silly audit   'escape-string-regexp': [ '1.0.5' ],
325 silly audit   'color-convert': [ '1.9.3' ],
325 silly audit   'color-name': [ '1.1.3' ],
325 silly audit   camelize: [ '1.0.0' ],
325 silly audit   'css-color-keywords': [ '1.0.0' ],
325 silly audit   'postcss-value-parser': [ '4.2.0' ],
325 silly audit   ms: [ '2.1.2' ],
325 silly audit   'has-flag': [ '3.0.0' ]
325 silly audit }
326 silly tarball no local data for babel-plugin-styled-components@https://registry.npmjs.org/babel-plugin-styled-components/-/babel-plugin-styled-components-2.0.2.tgz. Extracting by manifest.
327 silly tarball no local data for @strapi/icons@https://registry.npmjs.org/@strapi/icons/-/icons-0.0.1-alpha.71.tgz. Extracting by manifest.
328 silly tarball no local data for @strapi/design-system@https://registry.npmjs.org/@strapi/design-system/-/design-system-0.0.1-alpha.71.tgz. Extracting by manifest.
329 silly tarball no local data for react-router-dom@https://registry.npmjs.org/react-router-dom/-/react-router-dom-5.3.0.tgz. Extracting by manifest.
330 http fetch POST 200 https://registry.npmjs.org/-/npm/v1/security/advisories/bulk 531ms
331 timing auditReport:getReport Completed in 536ms
332 silly audit report {}
333 timing auditReport:init Completed in 0ms
334 timing reify:audit Completed in 536ms
335 timing reifyNode:node_modules/has-flag Completed in 661ms
336 timing reifyNode:node_modules/escape-string-regexp Completed in 661ms
337 timing reifyNode:node_modules/ansi-styles Completed in 661ms
338 timing reifyNode:node_modules/to-fast-properties Completed in 662ms
339 timing reifyNode:node_modules/ms Completed in 663ms
340 timing reifyNode:node_modules/object-assign Completed in 658ms
341 timing reifyNode:node_modules/@babel/helper-annotate-as-pure Completed in 671ms
342 timing reifyNode:node_modules/@babel/highlight Completed in 673ms
343 timing reifyNode:node_modules/babel-plugin-syntax-jsx Completed in 674ms
344 timing reifyNode:node_modules/@babel/helper-get-function-arity Completed in 674ms
345 timing reifyNode:node_modules/@babel/helper-function-name Completed in 673ms
346 timing reifyNode:node_modules/@babel/helper-hoist-variables Completed in 674ms
347 timing reifyNode:node_modules/@babel/code-frame Completed in 674ms
348 timing reifyNode:node_modules/@babel/helper-environment-visitor Completed in 675ms
349 timing reifyNode:node_modules/@babel/helper-split-export-declaration Completed in 689ms
350 timing reifyNode:node_modules/css-color-keywords Completed in 714ms
351 timing reifyNode:node_modules/supports-color Completed in 713ms
352 timing reifyNode:node_modules/isarray Completed in 719ms
353 timing reifyNode:node_modules/regenerator-runtime Completed in 718ms
354 timing reifyNode:node_modules/js-tokens Completed in 720ms
355 timing reifyNode:node_modules/globals Completed in 739ms
356 timing reifyNode:node_modules/shallowequal Completed in 751ms
357 timing reifyNode:node_modules/path-to-regexp Completed in 776ms
358 timing reifyNode:node_modules/color-name Completed in 794ms
359 timing reifyNode:node_modules/jsesc Completed in 797ms
360 timing reifyNode:node_modules/color-convert Completed in 806ms
361 timing reifyNode:node_modules/camelize Completed in 814ms
362 timing reifyNode:node_modules/chalk Completed in 815ms
363 timing reifyNode:node_modules/debug Completed in 815ms
364 timing reifyNode:node_modules/@babel/helper-validator-identifier Completed in 825ms
365 timing reifyNode:node_modules/@babel/helper-module-imports Completed in 822ms
366 timing reifyNode:node_modules/loose-envify Completed in 827ms
367 timing reifyNode:node_modules/mini-create-react-context Completed in 871ms
368 timing reifyNode:node_modules/hoist-non-react-statics Completed in 874ms
369 timing reifyNode:node_modules/react-router/node_modules/react-is Completed in 879ms
370 timing reifyNode:node_modules/postcss-value-parser Completed in 888ms
371 timing reifyNode:node_modules/hoist-non-react-statics/node_modules/react-is Completed in 884ms
372 timing reifyNode:node_modules/prop-types/node_modules/react-is Completed in 881ms
373 timing reifyNode:node_modules/react-is Completed in 883ms
374 timing reifyNode:node_modules/value-equal Completed in 886ms
375 timing reifyNode:node_modules/resolve-pathname Completed in 889ms
376 timing reifyNode:node_modules/tiny-warning Completed in 908ms
377 timing reifyNode:node_modules/tiny-invariant Completed in 908ms
378 timing reifyNode:node_modules/@babel/template Completed in 949ms
379 timing reifyNode:node_modules/compute-scroll-into-view Completed in 963ms
380 timing reifyNode:node_modules/@emotion/unitless Completed in 978ms
381 timing reifyNode:node_modules/prop-types Completed in 1002ms
382 timing reifyNode:node_modules/@internationalized/number Completed in 1004ms
383 timing reifyNode:node_modules/@emotion/memoize Completed in 1095ms
384 timing reifyNode:node_modules/@emotion/is-prop-valid Completed in 1209ms
385 timing reifyNode:node_modules/@emotion/stylis Completed in 1262ms
386 http fetch GET 200 https://registry.npmjs.org/babel-plugin-styled-components/-/babel-plugin-styled-components-2.0.2.tgz 1243ms (cache miss)
387 timing reifyNode:node_modules/babel-plugin-styled-components Completed in 1334ms
388 timing reifyNode:node_modules/react Completed in 1359ms
389 timing reifyNode:node_modules/@babel/generator Completed in 1396ms
390 timing reifyNode:node_modules/scheduler Completed in 1466ms
391 timing reifyNode:node_modules/history Completed in 1486ms
392 timing reifyNode:node_modules/source-map Completed in 1514ms
393 timing reifyNode:node_modules/@babel/parser Completed in 1533ms
394 timing reifyNode:node_modules/@babel/traverse Completed in 1637ms
395 timing reifyNode:node_modules/css-to-react-native Completed in 1641ms
396 timing reifyNode:node_modules/react-router Completed in 1852ms
397 timing reifyNode:node_modules/react-dom Completed in 1892ms
398 http fetch GET 200 https://registry.npmjs.org/react-router-dom/-/react-router-dom-5.3.0.tgz 1789ms (cache miss)
399 timing reifyNode:node_modules/react-router-dom Completed in 1908ms
400 timing reifyNode:node_modules/styled-components Completed in 1973ms
401 timing reifyNode:node_modules/@babel/types Completed in 2342ms
402 timing reifyNode:node_modules/@babel/runtime Completed in 2533ms
403 http fetch GET 200 https://registry.npmjs.org/@strapi/icons/-/icons-0.0.1-alpha.71.tgz 2988ms (cache miss)
404 timing reifyNode:node_modules/@strapi/icons Completed in 3085ms
405 timing reifyNode:node_modules/lodash Completed in 4084ms
406 http fetch GET 200 https://registry.npmjs.org/@strapi/design-system/-/design-system-0.0.1-alpha.71.tgz 9066ms (cache miss)
407 timing reifyNode:node_modules/@strapi/design-system Completed in 9171ms
408 timing reify:unpack Completed in 9182ms
409 timing reify:unretire Completed in 0ms
410 timing build:queue Completed in 7ms
411 timing build:link:node_modules/@babel/parser Completed in 13ms
412 timing build:link:node_modules/loose-envify Completed in 11ms
413 timing build:link:node_modules/jsesc Completed in 12ms
414 timing build:link Completed in 13ms
415 timing build:deps Completed in 21ms
416 timing build Completed in 22ms
417 timing reify:build Completed in 24ms
418 timing reify:trash Completed in 0ms
419 timing reify:save Completed in 55ms
420 timing reify Completed in 15597ms
421 silly ADD node_modules/has-flag
422 silly ADD node_modules/ms
423 silly ADD node_modules/postcss-value-parser
424 silly ADD node_modules/css-color-keywords
425 silly ADD node_modules/camelize
426 silly ADD node_modules/color-name
427 silly ADD node_modules/color-convert
428 silly ADD node_modules/escape-string-regexp
429 silly ADD node_modules/ansi-styles
430 silly ADD node_modules/lodash
431 silly ADD node_modules/babel-plugin-syntax-jsx
432 silly ADD node_modules/@babel/helper-annotate-as-pure
433 silly ADD node_modules/@emotion/memoize
434 silly ADD node_modules/to-fast-properties
435 silly ADD node_modules/chalk
436 silly ADD node_modules/@babel/helper-validator-identifier
437 silly ADD node_modules/@babel/template
438 silly ADD node_modules/@babel/helper-get-function-arity
439 silly ADD node_modules/source-map
440 silly ADD node_modules/jsesc
441 silly ADD node_modules/@babel/highlight
442 silly ADD node_modules/globals
443 silly ADD node_modules/debug
444 silly ADD node_modules/@babel/parser
445 silly ADD node_modules/@babel/helper-split-export-declaration
446 silly ADD node_modules/@babel/helper-hoist-variables
447 silly ADD node_modules/@babel/helper-function-name
448 silly ADD node_modules/@babel/helper-environment-visitor
449 silly ADD node_modules/@babel/generator
450 silly ADD node_modules/@babel/code-frame
451 silly ADD node_modules/@babel/types
452 silly ADD node_modules/supports-color
453 silly ADD node_modules/shallowequal
454 silly ADD node_modules/css-to-react-native
455 silly ADD node_modules/babel-plugin-styled-components
456 silly ADD node_modules/@emotion/unitless
457 silly ADD node_modules/@emotion/stylis
458 silly ADD node_modules/@emotion/is-prop-valid
459 silly ADD node_modules/@babel/traverse
460 silly ADD node_modules/@babel/helper-module-imports
461 silly ADD node_modules/isarray
462 silly ADD node_modules/path-to-regexp
463 silly ADD node_modules/mini-create-react-context
464 silly ADD node_modules/hoist-non-react-statics
465 silly ADD node_modules/hoist-non-react-statics/node_modules/react-is
466 silly ADD node_modules/value-equal
467 silly ADD node_modules/resolve-pathname
468 silly ADD node_modules/tiny-warning
469 silly ADD node_modules/tiny-invariant
470 silly ADD node_modules/react-router
471 silly ADD node_modules/react-router/node_modules/react-is
472 silly ADD node_modules/history
473 silly ADD node_modules/scheduler
474 silly ADD node_modules/js-tokens
475 silly ADD node_modules/object-assign
476 silly ADD node_modules/loose-envify
477 silly ADD node_modules/regenerator-runtime
478 silly ADD node_modules/@babel/runtime
479 silly ADD node_modules/prop-types
480 silly ADD node_modules/prop-types/node_modules/react-is
481 silly ADD node_modules/compute-scroll-into-view
482 silly ADD node_modules/@internationalized/number
483 silly ADD node_modules/react-is
484 silly ADD node_modules/styled-components
485 silly ADD node_modules/react-router-dom
486 silly ADD node_modules/react-dom
487 silly ADD node_modules/react
488 silly ADD node_modules/@strapi/icons
489 silly ADD node_modules/@strapi/design-system
490 timing command:install Completed in 15614ms
491 verbose exit 0
492 timing npm Completed in 16146ms
493 info ok
