0 verbose cli [
0 verbose cli   'C:\\Program Files\\nodejs\\node.exe',
0 verbose cli   'C:\\Users\\Aleksandra Miteva\\AppData\\Roaming\\npm\\node_modules\\npm\\bin\\npm-cli.js',
0 verbose cli   'install',
0 verbose cli   '--no-audit',
0 verbose cli   '--save',
0 verbose cli   '@testing-library/jest-dom@^5.14.1',
0 verbose cli   '@testing-library/react@^12.0.0',
0 verbose cli   '@testing-library/user-event@^13.2.1',
0 verbose cli   'web-vitals@^2.1.0'
0 verbose cli ]
1 info using npm@8.3.0
2 info using node@v15.14.0
3 timing npm:load:whichnode Completed in 1ms
4 timing config:load:defaults Completed in 4ms
5 timing config:load:file:C:\Users\Aleksandra Miteva\AppData\Roaming\npm\node_modules\npm\npmrc Completed in 11ms
6 timing config:load:builtin Completed in 11ms
7 timing config:load:cli Completed in 4ms
8 timing config:load:env Completed in 2ms
9 timing config:load:file:C:\Users\Aleksandra Miteva\Desktop\CMS_Projekt_Miteva_Galina\frontend\.npmrc Completed in 0ms
10 timing config:load:project Completed in 1ms
11 timing config:load:file:C:\Users\Aleksandra Miteva\.npmrc Completed in 1ms
12 timing config:load:user Completed in 1ms
13 timing config:load:file:C:\Users\Aleksandra Miteva\AppData\Roaming\npm\etc\npmrc Completed in 1ms
14 timing config:load:global Completed in 1ms
15 timing config:load:validate Completed in 1ms
16 timing config:load:credentials Completed in 1ms
17 timing config:load:setEnvs Completed in 2ms
18 timing config:load Completed in 29ms
19 timing npm:load:configload Completed in 29ms
20 timing npm:load:setTitle Completed in 1ms
21 timing config:load:flatten Completed in 6ms
22 timing npm:load:display Completed in 9ms
23 verbose logfile C:\Users\Aleksandra Miteva\Desktop\CMS_Projekt_Miteva_Galina\tmpnodejsnpm-cache\_logs\2021-12-21T19_01_53_703Z-debug-0.log
24 timing npm:load:logFile Completed in 11ms
25 timing npm:load:timers Completed in 0ms
26 timing npm:load:configScope Completed in 0ms
27 timing npm:load Completed in 52ms
28 timing arborist:ctor Completed in 1ms
29 silly logfile start cleaning logs, removing 1 files
30 timing idealTree:init Completed in 2147ms
31 timing idealTree:userRequests Completed in 6ms
32 silly idealTree buildDeps
33 silly fetch manifest @testing-library/jest-dom@^5.14.1
34 timing arborist:ctor Completed in 0ms
35 http fetch GET 200 https://registry.npmjs.org/@testing-library%2fjest-dom 2079ms (cache miss)
36 silly fetch manifest @testing-library/react@^12.0.0
37 http fetch GET 200 https://registry.npmjs.org/@testing-library%2freact 281ms (cache miss)
38 silly fetch manifest react@^17.0.2
39 http fetch GET 200 https://registry.npmjs.org/react 20ms (cache hit)
40 silly fetch manifest react-dom@^17.0.2
41 http fetch GET 200 https://registry.npmjs.org/react-dom 13ms (cache hit)
42 silly fetch manifest @testing-library/user-event@^13.2.1
43 http fetch GET 200 https://registry.npmjs.org/@testing-library%2fuser-event 297ms (cache miss)
44 silly fetch manifest @testing-library/dom@>=7.21.4
45 http fetch GET 200 https://registry.npmjs.org/@testing-library%2fdom 266ms (cache miss)
46 silly fetch manifest web-vitals@^2.1.0
47 http fetch GET 200 https://registry.npmjs.org/web-vitals 134ms (cache miss)
48 silly placeDep ROOT @testing-library/jest-dom@5.16.1 OK for: frontend@0.1.0 want: ^5.14.1
49 silly placeDep ROOT @testing-library/react@12.1.2 OK for: frontend@0.1.0 want: ^12.0.0
50 silly placeDep ROOT @testing-library/user-event@13.5.0 OK for: frontend@0.1.0 want: ^13.2.1
51 silly placeDep ROOT @testing-library/dom@8.11.1 OK for: @testing-library/user-event@13.5.0 want: >=7.21.4
52 silly placeDep ROOT web-vitals@2.1.2 OK for: frontend@0.1.0 want: ^2.1.0
53 silly fetch manifest @types/testing-library__jest-dom@^5.9.1
54 silly fetch manifest aria-query@^5.0.0
55 silly fetch manifest chalk@^3.0.0
56 silly fetch manifest css@^3.0.0
57 silly fetch manifest css.escape@^1.5.1
58 silly fetch manifest dom-accessibility-api@^0.5.6
59 silly fetch manifest redent@^3.0.0
60 silly fetch manifest @types/aria-query@^4.2.0
61 silly fetch manifest chalk@^4.1.0
62 silly fetch manifest dom-accessibility-api@^0.5.9
63 silly fetch manifest lz-string@^1.4.4
64 http fetch GET 200 https://registry.npmjs.org/chalk 73ms (cache hit)
65 http fetch GET 200 https://registry.npmjs.org/aria-query 91ms (cache hit)
66 http fetch GET 200 https://registry.npmjs.org/@types%2ftesting-library__jest-dom 153ms (cache miss)
67 http fetch GET 200 https://registry.npmjs.org/redent 234ms (cache miss)
68 http fetch GET 200 https://registry.npmjs.org/css.escape 241ms (cache miss)
69 http fetch GET 200 https://registry.npmjs.org/dom-accessibility-api 274ms (cache miss)
70 http fetch GET 200 https://registry.npmjs.org/css 280ms (cache miss)
71 http fetch GET 200 https://registry.npmjs.org/@types%2faria-query 276ms (cache miss)
72 http fetch GET 200 https://registry.npmjs.org/lz-string 433ms (cache miss)
73 timing idealTree:#root Completed in 3609ms
74 silly placeDep ROOT @types/aria-query@4.2.2 OK for: @testing-library/dom@8.11.1 want: ^4.2.0
75 silly placeDep node_modules/@testing-library/dom aria-query@5.0.0 OK for: @testing-library/dom@8.11.1 want: ^5.0.0
76 silly placeDep node_modules/@testing-library/dom chalk@4.1.2 OK for: @testing-library/dom@8.11.1 want: ^4.1.0
77 silly placeDep ROOT dom-accessibility-api@0.5.10 OK for: @testing-library/dom@8.11.1 want: ^0.5.9
78 silly placeDep ROOT lz-string@1.4.4 OK for: @testing-library/dom@8.11.1 want: ^1.4.4
79 silly fetch manifest ansi-styles@^4.1.0
80 silly fetch manifest supports-color@^7.1.0
81 http fetch GET 200 https://registry.npmjs.org/ansi-styles 12ms (cache hit)
82 http fetch GET 200 https://registry.npmjs.org/supports-color 12ms (cache hit)
83 timing idealTree:node_modules/@testing-library/dom Completed in 27ms
84 silly placeDep ROOT @types/testing-library__jest-dom@5.14.2 OK for: @testing-library/jest-dom@5.16.1 want: ^5.9.1
85 silly placeDep node_modules/@testing-library/jest-dom aria-query@5.0.0 OK for: @testing-library/jest-dom@5.16.1 want: ^5.0.0
86 silly placeDep node_modules/@testing-library/jest-dom chalk@3.0.0 OK for: @testing-library/jest-dom@5.16.1 want: ^3.0.0
87 silly placeDep ROOT css@3.0.0 OK for: @testing-library/jest-dom@5.16.1 want: ^3.0.0
88 silly placeDep ROOT css.escape@1.5.1 OK for: @testing-library/jest-dom@5.16.1 want: ^1.5.1
89 silly placeDep ROOT redent@3.0.0 OK for: @testing-library/jest-dom@5.16.1 want: ^3.0.0
90 silly fetch manifest @types/jest@*
91 silly fetch manifest source-map@^0.6.1
92 silly fetch manifest source-map-resolve@^0.6.0
93 silly fetch manifest strip-indent@^3.0.0
94 http fetch GET 200 https://registry.npmjs.org/source-map 21ms (cache hit)
95 http fetch GET 200 https://registry.npmjs.org/strip-indent 126ms (cache miss)
96 http fetch GET 200 https://registry.npmjs.org/source-map-resolve 148ms (cache revalidated)
97 http fetch GET 200 https://registry.npmjs.org/@types%2fjest 265ms (cache miss)
98 timing idealTree:node_modules/@testing-library/jest-dom Completed in 278ms
99 timing idealTree:node_modules/@testing-library/react Completed in 0ms
100 timing idealTree:node_modules/@testing-library/user-event Completed in 0ms
101 timing idealTree:node_modules/@types/aria-query Completed in 0ms
102 silly placeDep ROOT @types/jest@27.0.3 OK for: @types/testing-library__jest-dom@5.14.2 want: *
103 timing idealTree:node_modules/@types/testing-library__jest-dom Completed in 2ms
104 timing idealTree:node_modules/@types/jest Completed in 0ms
105 silly placeDep node_modules/css source-map@0.6.1 OK for: css@3.0.0 want: ^0.6.1
106 silly placeDep ROOT source-map-resolve@0.6.0 OK for: css@3.0.0 want: ^0.6.0
107 silly fetch manifest atob@^2.1.2
108 silly fetch manifest decode-uri-component@^0.2.0
109 http fetch GET 200 https://registry.npmjs.org/atob 84ms (cache revalidated)
110 http fetch GET 200 https://registry.npmjs.org/decode-uri-component 166ms (cache revalidated)
111 timing idealTree:node_modules/css Completed in 172ms
112 timing idealTree:node_modules/css.escape Completed in 0ms
113 timing idealTree:node_modules/dom-accessibility-api Completed in 0ms
114 timing idealTree:node_modules/lz-string Completed in 0ms
115 silly placeDep ROOT strip-indent@3.0.0 OK for: redent@3.0.0 want: ^3.0.0
116 silly fetch manifest min-indent@^1.0.0
117 http fetch GET 200 https://registry.npmjs.org/min-indent 61ms (cache miss)
118 timing idealTree:node_modules/redent Completed in 64ms
119 silly placeDep ROOT atob@2.1.2 OK for: source-map-resolve@0.6.0 want: ^2.1.2
120 silly placeDep ROOT decode-uri-component@0.2.0 OK for: source-map-resolve@0.6.0 want: ^0.2.0
121 timing idealTree:node_modules/source-map-resolve Completed in 5ms
122 timing idealTree:node_modules/atob Completed in 0ms
123 timing idealTree:node_modules/decode-uri-component Completed in 0ms
124 silly placeDep ROOT min-indent@1.0.1 OK for: strip-indent@3.0.0 want: ^1.0.0
125 timing idealTree:node_modules/strip-indent Completed in 2ms
126 timing idealTree:node_modules/min-indent Completed in 0ms
127 timing idealTree:node_modules/web-vitals Completed in 0ms
128 timing idealTree:node_modules/@testing-library/dom/node_modules/aria-query Completed in 0ms
129 silly placeDep node_modules/@testing-library/dom ansi-styles@4.3.0 OK for: chalk@4.1.2 want: ^4.1.0
130 silly placeDep node_modules/@testing-library/dom supports-color@7.2.0 OK for: chalk@4.1.2 want: ^7.1.0
131 silly fetch manifest color-convert@^2.0.1
132 silly fetch manifest has-flag@^4.0.0
133 http fetch GET 200 https://registry.npmjs.org/color-convert 15ms (cache hit)
134 http fetch GET 200 https://registry.npmjs.org/has-flag 15ms (cache hit)
135 timing idealTree:node_modules/@testing-library/dom/node_modules/chalk Completed in 20ms
136 silly placeDep node_modules/@testing-library/dom color-convert@2.0.1 OK for: ansi-styles@4.3.0 want: ^2.0.1
137 silly fetch manifest color-name@~1.1.4
138 http fetch GET 200 https://registry.npmjs.org/color-name 9ms (cache hit)
139 timing idealTree:node_modules/@testing-library/dom/node_modules/ansi-styles Completed in 11ms
140 silly placeDep node_modules/@testing-library/dom color-name@1.1.4 OK for: color-convert@2.0.1 want: ~1.1.4
141 timing idealTree:node_modules/@testing-library/dom/node_modules/color-convert Completed in 1ms
142 timing idealTree:node_modules/@testing-library/dom/node_modules/color-name Completed in 0ms
143 silly placeDep node_modules/@testing-library/dom has-flag@4.0.0 OK for: supports-color@7.2.0 want: ^4.0.0
144 timing idealTree:node_modules/@testing-library/dom/node_modules/supports-color Completed in 1ms
145 timing idealTree:node_modules/@testing-library/dom/node_modules/has-flag Completed in 0ms
146 timing idealTree:node_modules/@testing-library/jest-dom/node_modules/aria-query Completed in 0ms
147 silly placeDep node_modules/@testing-library/jest-dom ansi-styles@4.3.0 OK for: chalk@3.0.0 want: ^4.1.0
148 silly placeDep node_modules/@testing-library/jest-dom supports-color@7.2.0 OK for: chalk@3.0.0 want: ^7.1.0
149 timing idealTree:node_modules/@testing-library/jest-dom/node_modules/chalk Completed in 3ms
150 silly placeDep node_modules/@testing-library/jest-dom color-convert@2.0.1 OK for: ansi-styles@4.3.0 want: ^2.0.1
151 timing idealTree:node_modules/@testing-library/jest-dom/node_modules/ansi-styles Completed in 1ms
152 silly placeDep node_modules/@testing-library/jest-dom color-name@1.1.4 OK for: color-convert@2.0.1 want: ~1.1.4
153 timing idealTree:node_modules/@testing-library/jest-dom/node_modules/color-convert Completed in 2ms
154 timing idealTree:node_modules/@testing-library/jest-dom/node_modules/color-name Completed in 0ms
155 silly placeDep node_modules/@testing-library/jest-dom has-flag@4.0.0 OK for: supports-color@7.2.0 want: ^4.0.0
156 timing idealTree:node_modules/@testing-library/jest-dom/node_modules/supports-color Completed in 2ms
157 timing idealTree:node_modules/@testing-library/jest-dom/node_modules/has-flag Completed in 0ms
158 timing idealTree:node_modules/css/node_modules/source-map Completed in 0ms
159 timing idealTree:buildDeps Completed in 4210ms
160 timing idealTree:fixDepFlags Completed in 45ms
161 warn EBADENGINE Unsupported engine {
161 warn EBADENGINE   package: '@eslint/eslintrc@1.0.5',
161 warn EBADENGINE   required: { node: '^12.22.0 || ^14.17.0 || >=16.0.0' },
161 warn EBADENGINE   current: { node: 'v15.14.0', npm: '8.3.0' }
161 warn EBADENGINE }
162 warn EBADENGINE Unsupported engine {
162 warn EBADENGINE   package: '@typescript-eslint/eslint-plugin@5.8.0',
162 warn EBADENGINE   required: { node: '^12.22.0 || ^14.17.0 || >=16.0.0' },
162 warn EBADENGINE   current: { node: 'v15.14.0', npm: '8.3.0' }
162 warn EBADENGINE }
163 warn EBADENGINE Unsupported engine {
163 warn EBADENGINE   package: '@typescript-eslint/experimental-utils@5.8.0',
163 warn EBADENGINE   required: { node: '^12.22.0 || ^14.17.0 || >=16.0.0' },
163 warn EBADENGINE   current: { node: 'v15.14.0', npm: '8.3.0' }
163 warn EBADENGINE }
164 warn EBADENGINE Unsupported engine {
164 warn EBADENGINE   package: '@typescript-eslint/parser@5.8.0',
164 warn EBADENGINE   required: { node: '^12.22.0 || ^14.17.0 || >=16.0.0' },
164 warn EBADENGINE   current: { node: 'v15.14.0', npm: '8.3.0' }
164 warn EBADENGINE }
165 warn EBADENGINE Unsupported engine {
165 warn EBADENGINE   package: '@typescript-eslint/scope-manager@5.8.0',
165 warn EBADENGINE   required: { node: '^12.22.0 || ^14.17.0 || >=16.0.0' },
165 warn EBADENGINE   current: { node: 'v15.14.0', npm: '8.3.0' }
165 warn EBADENGINE }
166 warn EBADENGINE Unsupported engine {
166 warn EBADENGINE   package: '@typescript-eslint/types@5.8.0',
166 warn EBADENGINE   required: { node: '^12.22.0 || ^14.17.0 || >=16.0.0' },
166 warn EBADENGINE   current: { node: 'v15.14.0', npm: '8.3.0' }
166 warn EBADENGINE }
167 warn EBADENGINE Unsupported engine {
167 warn EBADENGINE   package: '@typescript-eslint/typescript-estree@5.8.0',
167 warn EBADENGINE   required: { node: '^12.22.0 || ^14.17.0 || >=16.0.0' },
167 warn EBADENGINE   current: { node: 'v15.14.0', npm: '8.3.0' }
167 warn EBADENGINE }
168 warn EBADENGINE Unsupported engine {
168 warn EBADENGINE   package: '@typescript-eslint/visitor-keys@5.8.0',
168 warn EBADENGINE   required: { node: '^12.22.0 || ^14.17.0 || >=16.0.0' },
168 warn EBADENGINE   current: { node: 'v15.14.0', npm: '8.3.0' }
168 warn EBADENGINE }
169 warn EBADENGINE Unsupported engine {
169 warn EBADENGINE   package: 'css-blank-pseudo@3.0.0',
169 warn EBADENGINE   required: { node: '^12 || ^14 || >=16' },
169 warn EBADENGINE   current: { node: 'v15.14.0', npm: '8.3.0' }
169 warn EBADENGINE }
170 warn EBADENGINE Unsupported engine {
170 warn EBADENGINE   package: 'css-has-pseudo@3.0.0',
170 warn EBADENGINE   required: { node: '^12 || ^14 || >=16' },
170 warn EBADENGINE   current: { node: 'v15.14.0', npm: '8.3.0' }
170 warn EBADENGINE }
171 warn EBADENGINE Unsupported engine {
171 warn EBADENGINE   package: 'css-prefers-color-scheme@6.0.0',
171 warn EBADENGINE   required: { node: '^12 || ^14 || >=16' },
171 warn EBADENGINE   current: { node: 'v15.14.0', npm: '8.3.0' }
171 warn EBADENGINE }
172 warn EBADENGINE Unsupported engine {
172 warn EBADENGINE   package: 'eslint@8.5.0',
172 warn EBADENGINE   required: { node: '^12.22.0 || ^14.17.0 || >=16.0.0' },
172 warn EBADENGINE   current: { node: 'v15.14.0', npm: '8.3.0' }
172 warn EBADENGINE }
173 warn EBADENGINE Unsupported engine {
173 warn EBADENGINE   package: 'eslint-plugin-jest@25.3.0',
173 warn EBADENGINE   required: { node: '^12.13.0 || ^14.15.0 || >=16.0.0' },
173 warn EBADENGINE   current: { node: 'v15.14.0', npm: '8.3.0' }
173 warn EBADENGINE }
174 warn EBADENGINE Unsupported engine {
174 warn EBADENGINE   package: 'eslint-plugin-testing-library@5.0.1',
174 warn EBADENGINE   required: { node: '^12.22.0 || ^14.17.0 || >=16.0.0', npm: '>=6' },
174 warn EBADENGINE   current: { node: 'v15.14.0', npm: '8.3.0' }
174 warn EBADENGINE }
175 warn EBADENGINE Unsupported engine {
175 warn EBADENGINE   package: 'eslint-scope@7.1.0',
175 warn EBADENGINE   required: { node: '^12.22.0 || ^14.17.0 || >=16.0.0' },
175 warn EBADENGINE   current: { node: 'v15.14.0', npm: '8.3.0' }
175 warn EBADENGINE }
176 warn EBADENGINE Unsupported engine {
176 warn EBADENGINE   package: 'eslint-visitor-keys@3.1.0',
176 warn EBADENGINE   required: { node: '^12.22.0 || ^14.17.0 || >=16.0.0' },
176 warn EBADENGINE   current: { node: 'v15.14.0', npm: '8.3.0' }
176 warn EBADENGINE }
177 warn EBADENGINE Unsupported engine {
177 warn EBADENGINE   package: 'espree@9.2.0',
177 warn EBADENGINE   required: { node: '^12.22.0 || ^14.17.0 || >=16.0.0' },
177 warn EBADENGINE   current: { node: 'v15.14.0', npm: '8.3.0' }
177 warn EBADENGINE }
178 warn EBADENGINE Unsupported engine {
178 warn EBADENGINE   package: 'jest-watch-typeahead@1.0.0',
178 warn EBADENGINE   required: { node: '^12.22.0 || ^14.17.0 || >=16.0.0' },
178 warn EBADENGINE   current: { node: 'v15.14.0', npm: '8.3.0' }
178 warn EBADENGINE }
179 warn EBADENGINE Unsupported engine {
179 warn EBADENGINE   package: 'postcss-color-functional-notation@4.1.0',
179 warn EBADENGINE   required: { node: '^12 || ^14 || >=16' },
179 warn EBADENGINE   current: { node: 'v15.14.0', npm: '8.3.0' }
179 warn EBADENGINE }
180 warn EBADENGINE Unsupported engine {
180 warn EBADENGINE   package: 'postcss-color-hex-alpha@8.0.1',
180 warn EBADENGINE   required: { node: '^12 || ^14 || >=16' },
180 warn EBADENGINE   current: { node: 'v15.14.0', npm: '8.3.0' }
180 warn EBADENGINE }
181 warn EBADENGINE Unsupported engine {
181 warn EBADENGINE   package: 'postcss-color-rebeccapurple@7.0.1',
181 warn EBADENGINE   required: { node: '^12 || ^14 || >=16' },
181 warn EBADENGINE   current: { node: 'v15.14.0', npm: '8.3.0' }
181 warn EBADENGINE }
182 warn EBADENGINE Unsupported engine {
182 warn EBADENGINE   package: 'postcss-custom-properties@12.0.1',
182 warn EBADENGINE   required: { node: '^12 || ^14 || >=16' },
182 warn EBADENGINE   current: { node: 'v15.14.0', npm: '8.3.0' }
182 warn EBADENGINE }
183 warn EBADENGINE Unsupported engine {
183 warn EBADENGINE   package: 'postcss-dir-pseudo-class@6.0.1',
183 warn EBADENGINE   required: { node: '^12 || ^14 || >=16' },
183 warn EBADENGINE   current: { node: 'v15.14.0', npm: '8.3.0' }
183 warn EBADENGINE }
184 warn EBADENGINE Unsupported engine {
184 warn EBADENGINE   package: 'postcss-double-position-gradients@3.0.3',
184 warn EBADENGINE   required: { node: '^12 || ^14 || >=16' },
184 warn EBADENGINE   current: { node: 'v15.14.0', npm: '8.3.0' }
184 warn EBADENGINE }
185 warn EBADENGINE Unsupported engine {
185 warn EBADENGINE   package: 'postcss-env-function@4.0.3',
185 warn EBADENGINE   required: { node: '^12 || ^14 || >=16' },
185 warn EBADENGINE   current: { node: 'v15.14.0', npm: '8.3.0' }
185 warn EBADENGINE }
186 warn EBADENGINE Unsupported engine {
186 warn EBADENGINE   package: 'postcss-focus-visible@6.0.2',
186 warn EBADENGINE   required: { node: '^12 || ^14 || >=16' },
186 warn EBADENGINE   current: { node: 'v15.14.0', npm: '8.3.0' }
186 warn EBADENGINE }
187 warn EBADENGINE Unsupported engine {
187 warn EBADENGINE   package: 'postcss-focus-within@5.0.2',
187 warn EBADENGINE   required: { node: '^12 || ^14 || >=16' },
187 warn EBADENGINE   current: { node: 'v15.14.0', npm: '8.3.0' }
187 warn EBADENGINE }
188 warn EBADENGINE Unsupported engine {
188 warn EBADENGINE   package: 'postcss-gap-properties@3.0.1',
188 warn EBADENGINE   required: { node: '^12 || ^14 || >=16' },
188 warn EBADENGINE   current: { node: 'v15.14.0', npm: '8.3.0' }
188 warn EBADENGINE }
189 warn EBADENGINE Unsupported engine {
189 warn EBADENGINE   package: 'postcss-image-set-function@4.0.3',
189 warn EBADENGINE   required: { node: '^12 || ^14 || >=16' },
189 warn EBADENGINE   current: { node: 'v15.14.0', npm: '8.3.0' }
189 warn EBADENGINE }
190 warn EBADENGINE Unsupported engine {
190 warn EBADENGINE   package: 'postcss-lab-function@4.0.2',
190 warn EBADENGINE   required: { node: '^12 || ^14 || >=16' },
190 warn EBADENGINE   current: { node: 'v15.14.0', npm: '8.3.0' }
190 warn EBADENGINE }
191 warn EBADENGINE Unsupported engine {
191 warn EBADENGINE   package: 'postcss-logical@5.0.1',
191 warn EBADENGINE   required: { node: '^12 || ^14 || >=16' },
191 warn EBADENGINE   current: { node: 'v15.14.0', npm: '8.3.0' }
191 warn EBADENGINE }
192 warn EBADENGINE Unsupported engine {
192 warn EBADENGINE   package: 'postcss-nesting@10.0.3',
192 warn EBADENGINE   required: { node: '^12 || ^14 || >=16' },
192 warn EBADENGINE   current: { node: 'v15.14.0', npm: '8.3.0' }
192 warn EBADENGINE }
193 warn EBADENGINE Unsupported engine {
193 warn EBADENGINE   package: 'postcss-overflow-shorthand@3.0.1',
193 warn EBADENGINE   required: { node: '^12 || ^14 || >=16' },
193 warn EBADENGINE   current: { node: 'v15.14.0', npm: '8.3.0' }
193 warn EBADENGINE }
194 warn EBADENGINE Unsupported engine {
194 warn EBADENGINE   package: 'postcss-place@7.0.2',
194 warn EBADENGINE   required: { node: '^12 || ^14 || >=16' },
194 warn EBADENGINE   current: { node: 'v15.14.0', npm: '8.3.0' }
194 warn EBADENGINE }
195 warn EBADENGINE Unsupported engine {
195 warn EBADENGINE   package: 'postcss-preset-env@7.0.2',
195 warn EBADENGINE   required: { node: '^12 || ^14 || >=16' },
195 warn EBADENGINE   current: { node: 'v15.14.0', npm: '8.3.0' }
195 warn EBADENGINE }
196 warn EBADENGINE Unsupported engine {
196 warn EBADENGINE   package: 'postcss-pseudo-class-any-link@7.0.1',
196 warn EBADENGINE   required: { node: '^12 || ^14 || >=16' },
196 warn EBADENGINE   current: { node: 'v15.14.0', npm: '8.3.0' }
196 warn EBADENGINE }
197 timing idealTree Completed in 6879ms
198 timing reify:loadTrees Completed in 6881ms
199 timing reify:diffTrees Completed in 124ms
200 silly reify moves {}
201 timing reify:retireShallow Completed in 1ms
202 timing reify:createSparse Completed in 130ms
203 timing reify:loadBundles Completed in 0ms
204 verbose reify failed optional dependency C:\Users\Aleksandra Miteva\Desktop\CMS_Projekt_Miteva_Galina\frontend\node_modules\fsevents
205 silly reify mark deleted [
205 silly reify   'C:\\Users\\Aleksandra Miteva\\Desktop\\CMS_Projekt_Miteva_Galina\\frontend\\node_modules\\fsevents'
205 silly reify ]
206 timing reifyNode:node_modules/fsevents Completed in 21ms
207 silly tarball no local data for min-indent@https://registry.npmjs.org/min-indent/-/min-indent-1.0.1.tgz. Extracting by manifest.
208 silly tarball no local data for strip-indent@https://registry.npmjs.org/strip-indent/-/strip-indent-3.0.0.tgz. Extracting by manifest.
209 silly tarball no local data for source-map-resolve@https://registry.npmjs.org/source-map-resolve/-/source-map-resolve-0.6.0.tgz. Extracting by manifest.
210 silly tarball no local data for @types/jest@https://registry.npmjs.org/@types/jest/-/jest-27.0.3.tgz. Extracting by manifest.
211 silly tarball no local data for redent@https://registry.npmjs.org/redent/-/redent-3.0.0.tgz. Extracting by manifest.
212 silly tarball no local data for css.escape@https://registry.npmjs.org/css.escape/-/css.escape-1.5.1.tgz. Extracting by manifest.
213 silly tarball no local data for css@https://registry.npmjs.org/css/-/css-3.0.0.tgz. Extracting by manifest.
214 silly tarball no local data for @types/testing-library__jest-dom@https://registry.npmjs.org/@types/testing-library__jest-dom/-/testing-library__jest-dom-5.14.2.tgz. Extracting by manifest.
215 silly tarball no local data for lz-string@https://registry.npmjs.org/lz-string/-/lz-string-1.4.4.tgz. Extracting by manifest.
216 silly tarball no local data for dom-accessibility-api@https://registry.npmjs.org/dom-accessibility-api/-/dom-accessibility-api-0.5.10.tgz. Extracting by manifest.
217 silly tarball no local data for @types/aria-query@https://registry.npmjs.org/@types/aria-query/-/aria-query-4.2.2.tgz. Extracting by manifest.
218 silly tarball no local data for web-vitals@https://registry.npmjs.org/web-vitals/-/web-vitals-2.1.2.tgz. Extracting by manifest.
219 silly tarball no local data for @testing-library/dom@https://registry.npmjs.org/@testing-library/dom/-/dom-8.11.1.tgz. Extracting by manifest.
220 silly tarball no local data for @testing-library/user-event@https://registry.npmjs.org/@testing-library/user-event/-/user-event-13.5.0.tgz. Extracting by manifest.
221 silly tarball no local data for @testing-library/react@https://registry.npmjs.org/@testing-library/react/-/react-12.1.2.tgz. Extracting by manifest.
222 silly tarball no local data for @testing-library/jest-dom@https://registry.npmjs.org/@testing-library/jest-dom/-/jest-dom-5.16.1.tgz. Extracting by manifest.
223 silly tarball no local data for aria-query@https://registry.npmjs.org/aria-query/-/aria-query-5.0.0.tgz. Extracting by manifest.
224 silly tarball no local data for aria-query@https://registry.npmjs.org/aria-query/-/aria-query-5.0.0.tgz. Extracting by manifest.
225 silly tarball no local data for chalk@https://registry.npmjs.org/chalk/-/chalk-3.0.0.tgz. Extracting by manifest.
226 timing reifyNode:node_modules/decode-uri-component Completed in 961ms
227 timing reifyNode:node_modules/@testing-library/jest-dom/node_modules/color-name Completed in 956ms
228 timing reifyNode:node_modules/@testing-library/dom/node_modules/color-name Completed in 959ms
229 http fetch GET 200 https://registry.npmjs.org/strip-indent/-/strip-indent-3.0.0.tgz 707ms (cache miss)
230 http fetch GET 200 https://registry.npmjs.org/css/-/css-3.0.0.tgz 645ms (cache miss)
231 timing reifyNode:node_modules/@testing-library/dom/node_modules/has-flag Completed in 1000ms
232 timing reifyNode:node_modules/@testing-library/jest-dom/node_modules/has-flag Completed in 997ms
233 timing reifyNode:node_modules/strip-indent Completed in 1003ms
234 timing reifyNode:node_modules/@testing-library/dom/node_modules/supports-color Completed in 1001ms
235 timing reifyNode:node_modules/@testing-library/jest-dom/node_modules/supports-color Completed in 999ms
236 timing reifyNode:node_modules/@testing-library/dom/node_modules/ansi-styles Completed in 1004ms
237 timing reifyNode:node_modules/@testing-library/jest-dom/node_modules/ansi-styles Completed in 1004ms
238 http fetch GET 200 https://registry.npmjs.org/chalk/-/chalk-3.0.0.tgz 484ms (cache miss)
239 http fetch GET 200 https://registry.npmjs.org/css.escape/-/css.escape-1.5.1.tgz 736ms (cache miss)
240 timing reifyNode:node_modules/css.escape Completed in 1064ms
241 timing reifyNode:node_modules/@testing-library/dom/node_modules/color-convert Completed in 1064ms
242 timing reifyNode:node_modules/@testing-library/jest-dom/node_modules/color-convert Completed in 1063ms
243 http fetch GET 200 https://registry.npmjs.org/min-indent/-/min-indent-1.0.1.tgz 838ms (cache miss)
244 timing reifyNode:node_modules/min-indent Completed in 1091ms
245 timing reifyNode:node_modules/@testing-library/dom/node_modules/chalk Completed in 1098ms
246 http fetch GET 200 https://registry.npmjs.org/redent/-/redent-3.0.0.tgz 792ms (cache miss)
247 timing reifyNode:node_modules/redent Completed in 1110ms
248 http fetch GET 200 https://registry.npmjs.org/@types/jest/-/jest-27.0.3.tgz 821ms (cache miss)
249 timing reifyNode:node_modules/@types/jest Completed in 1128ms
250 http fetch GET 200 https://registry.npmjs.org/source-map-resolve/-/source-map-resolve-0.6.0.tgz 864ms (cache miss)
251 timing reifyNode:node_modules/source-map-resolve Completed in 1140ms
252 timing reifyNode:node_modules/atob Completed in 1146ms
253 timing reifyNode:node_modules/@testing-library/jest-dom/node_modules/chalk Completed in 1147ms
254 timing reifyNode:node_modules/css Completed in 1184ms
255 http fetch GET 200 https://registry.npmjs.org/@types/aria-query/-/aria-query-4.2.2.tgz 780ms (cache miss)
256 timing reifyNode:node_modules/@types/aria-query Completed in 1199ms
257 http fetch GET 200 https://registry.npmjs.org/@types/testing-library__jest-dom/-/testing-library__jest-dom-5.14.2.tgz 871ms (cache miss)
258 timing reifyNode:node_modules/@types/testing-library__jest-dom Completed in 1223ms
259 timing reifyNode:node_modules/css/node_modules/source-map Completed in 1410ms
260 http fetch GET 200 https://registry.npmjs.org/lz-string/-/lz-string-1.4.4.tgz 1146ms (cache miss)
261 timing reifyNode:node_modules/lz-string Completed in 1522ms
262 http fetch GET 200 https://registry.npmjs.org/@testing-library/jest-dom/-/jest-dom-5.16.1.tgz 1050ms (cache miss)
263 timing reifyNode:node_modules/@testing-library/jest-dom Completed in 1525ms
264 http fetch GET 200 https://registry.npmjs.org/dom-accessibility-api/-/dom-accessibility-api-0.5.10.tgz 1351ms (cache miss)
265 timing reifyNode:node_modules/dom-accessibility-api Completed in 1747ms
266 http fetch GET 200 https://registry.npmjs.org/web-vitals/-/web-vitals-2.1.2.tgz 1358ms (cache miss)
267 timing reifyNode:node_modules/web-vitals Completed in 1786ms
268 http fetch GET 200 https://registry.npmjs.org/@testing-library/dom/-/dom-8.11.1.tgz 1541ms (cache miss)
269 timing reifyNode:node_modules/@testing-library/dom Completed in 1987ms
270 http fetch GET 200 https://registry.npmjs.org/@testing-library/user-event/-/user-event-13.5.0.tgz 1980ms (cache miss)
271 timing reifyNode:node_modules/@testing-library/user-event Completed in 2437ms
272 http fetch GET 200 https://registry.npmjs.org/aria-query/-/aria-query-5.0.0.tgz 2361ms (cache miss)
273 timing reifyNode:node_modules/@testing-library/jest-dom/node_modules/aria-query Completed in 2893ms
274 http fetch GET 200 https://registry.npmjs.org/aria-query/-/aria-query-5.0.0.tgz 2400ms (cache miss)
275 timing reifyNode:node_modules/@testing-library/dom/node_modules/aria-query Completed in 2916ms
276 http fetch GET 200 https://registry.npmjs.org/@testing-library/react/-/react-12.1.2.tgz 2548ms (cache miss)
277 timing reifyNode:node_modules/@testing-library/react Completed in 3014ms
278 timing reify:unpack Completed in 3019ms
279 timing reify:unretire Completed in 0ms
280 timing build:queue Completed in 8ms
281 timing build:link:node_modules/atob Completed in 113ms
282 timing build:link:node_modules/lz-string Completed in 110ms
283 timing build:link Completed in 113ms
284 timing build:deps Completed in 122ms
285 timing build Completed in 123ms
286 timing reify:build Completed in 131ms
287 timing reify:trash Completed in 33ms
288 timing reify:save Completed in 1391ms
289 timing reify Completed in 11916ms
290 silly ADD node_modules/min-indent
291 silly ADD node_modules/decode-uri-component
292 silly ADD node_modules/atob
293 silly ADD node_modules/strip-indent
294 silly ADD node_modules/source-map-resolve
295 silly ADD node_modules/@types/jest
296 silly ADD node_modules/redent
297 silly ADD node_modules/css.escape
298 silly ADD node_modules/css
299 silly ADD node_modules/css/node_modules/source-map
300 silly ADD node_modules/@types/testing-library__jest-dom
301 silly ADD node_modules/lz-string
302 silly ADD node_modules/dom-accessibility-api
303 silly ADD node_modules/@types/aria-query
304 silly ADD node_modules/web-vitals
305 silly ADD node_modules/@testing-library/dom
306 silly ADD node_modules/@testing-library/dom/node_modules/has-flag
307 silly ADD node_modules/@testing-library/dom/node_modules/color-name
308 silly ADD node_modules/@testing-library/dom/node_modules/color-convert
309 silly ADD node_modules/@testing-library/dom/node_modules/supports-color
310 silly ADD node_modules/@testing-library/dom/node_modules/ansi-styles
311 silly ADD node_modules/@testing-library/dom/node_modules/chalk
312 silly ADD node_modules/@testing-library/dom/node_modules/aria-query
313 silly ADD node_modules/@testing-library/user-event
314 silly ADD node_modules/@testing-library/react
315 silly ADD node_modules/@testing-library/jest-dom
316 silly ADD node_modules/@testing-library/jest-dom/node_modules/has-flag
317 silly ADD node_modules/@testing-library/jest-dom/node_modules/color-name
318 silly ADD node_modules/@testing-library/jest-dom/node_modules/color-convert
319 silly ADD node_modules/@testing-library/jest-dom/node_modules/supports-color
320 silly ADD node_modules/@testing-library/jest-dom/node_modules/ansi-styles
321 silly ADD node_modules/@testing-library/jest-dom/node_modules/chalk
322 silly ADD node_modules/@testing-library/jest-dom/node_modules/aria-query
323 silly ADD
324 timing command:install Completed in 11939ms
325 verbose exit 0
326 timing npm Completed in 12601ms
327 info ok
