0 verbose cli [
0 verbose cli   'C:\\Program Files\\nodejs\\node.exe',
0 verbose cli   'C:\\Users\\Aleksandra Miteva\\AppData\\Roaming\\npm\\node_modules\\npm\\bin\\npm-cli.js',
0 verbose cli   'view',
0 verbose cli   '--json',
0 verbose cli   'react-icons',
0 verbose cli   'description',
0 verbose cli   'dist-tags.latest',
0 verbose cli   'homepage',
0 verbose cli   'version'
0 verbose cli ]
1 info using npm@8.3.0
2 info using node@v15.14.0
3 timing npm:load:whichnode Completed in 0ms
4 timing config:load:defaults Completed in 2ms
5 timing config:load:file:C:\Users\Aleksandra Miteva\AppData\Roaming\npm\node_modules\npm\npmrc Completed in 18ms
6 timing config:load:builtin Completed in 19ms
7 timing config:load:cli Completed in 6ms
8 timing config:load:env Completed in 2ms
9 timing config:load:file:c:\Users\Aleksandra Miteva\Desktop\CMS_Projekt_Miteva_Galina\frontend\.npmrc Completed in 1ms
10 timing config:load:project Completed in 2ms
11 timing config:load:file:C:\Users\Aleksandra Miteva\.npmrc Completed in 1ms
12 timing config:load:user Completed in 1ms
13 timing config:load:file:C:\Users\Aleksandra Miteva\AppData\Roaming\npm\etc\npmrc Completed in 1ms
14 timing config:load:global Completed in 1ms
15 timing config:load:validate Completed in 0ms
16 timing config:load:credentials Completed in 2ms
17 timing config:load:setEnvs Completed in 2ms
18 timing config:load Completed in 45ms
19 timing npm:load:configload Completed in 46ms
20 timing npm:load:setTitle Completed in 11ms
21 timing config:load:flatten Completed in 6ms
22 timing npm:load:display Completed in 7ms
23 verbose logfile C:\Users\Aleksandra Miteva\Desktop\CMS_Projekt_Miteva_Galina\frontend\tmpnodejsnpm-cache\_logs\2021-12-22T19_46_41_216Z-debug-0.log
24 timing npm:load:logFile Completed in 10ms
25 timing npm:load:timers Completed in 0ms
26 timing npm:load:configScope Completed in 0ms
27 timing npm:load Completed in 75ms
28 timing command:view Completed in 1281ms
29 verbose exit 0
30 timing npm Completed in 1898ms
31 info ok
