0 verbose cli [
0 verbose cli   'C:\\Program Files\\nodejs\\node.exe',
0 verbose cli   'C:\\Users\\Aleksandra Miteva\\AppData\\Roaming\\npm\\node_modules\\npm\\bin\\npm-cli.js',
0 verbose cli   'i',
0 verbose cli   'react-router-dom',
0 verbose cli   '--save'
0 verbose cli ]
1 info using npm@8.3.0
2 info using node@v15.14.0
3 timing npm:load:whichnode Completed in 0ms
4 timing config:load:defaults Completed in 3ms
5 timing config:load:file:C:\Users\Aleksandra Miteva\AppData\Roaming\npm\node_modules\npm\npmrc Completed in 11ms
6 timing config:load:builtin Completed in 11ms
7 timing config:load:cli Completed in 3ms
8 timing config:load:env Completed in 2ms
9 timing config:load:file:C:\Users\Aleksandra Miteva\Desktop\CMS_Projekt_Miteva_Galina\frontend\.npmrc Completed in 0ms
10 timing config:load:project Completed in 1ms
11 timing config:load:file:C:\Users\Aleksandra Miteva\.npmrc Completed in 0ms
12 timing config:load:user Completed in 0ms
13 timing config:load:file:C:\Users\Aleksandra Miteva\AppData\Roaming\npm\etc\npmrc Completed in 1ms
14 timing config:load:global Completed in 1ms
15 timing config:load:validate Completed in 1ms
16 timing config:load:credentials Completed in 1ms
17 timing config:load:setEnvs Completed in 2ms
18 timing config:load Completed in 25ms
19 timing npm:load:configload Completed in 25ms
20 timing npm:load:setTitle Completed in 0ms
21 timing config:load:flatten Completed in 3ms
22 timing npm:load:display Completed in 5ms
23 verbose logfile C:\Users\Aleksandra Miteva\Desktop\CMS_Projekt_Miteva_Galina\frontend\tmpnodejsnpm-cache\_logs\2021-12-22T19_47_44_946Z-debug-0.log
24 timing npm:load:logFile Completed in 8ms
25 timing npm:load:timers Completed in 0ms
26 timing npm:load:configScope Completed in 0ms
27 timing npm:load Completed in 39ms
28 timing arborist:ctor Completed in 1ms
29 silly logfile start cleaning logs, removing 1 files
30 timing idealTree:init Completed in 1584ms
31 timing idealTree:userRequests Completed in 6ms
32 silly idealTree buildDeps
33 silly fetch manifest react-router-dom@*
34 timing arborist:ctor Completed in 0ms
35 http fetch GET 200 https://registry.npmjs.org/react-router-dom 1608ms (cache miss)
36 silly fetch manifest react@^17.0.2
37 http fetch GET 200 https://registry.npmjs.org/react 526ms (cache updated)
38 silly fetch manifest react-dom@^17.0.2
39 http fetch GET 200 https://registry.npmjs.org/react-dom 309ms (cache miss)
40 silly placeDep ROOT react-router-dom@6.2.1 OK for: frontend@0.1.0 want: *
41 silly fetch manifest react-router@6.2.1
42 silly fetch manifest history@^5.2.0
43 http fetch GET 200 https://registry.npmjs.org/react-router 173ms (cache miss)
44 http fetch GET 200 https://registry.npmjs.org/history 464ms (cache miss)
45 timing idealTree:#root Completed in 2949ms
46 silly fetch manifest react@>=16.8
47 silly placeDep ROOT history@5.2.0 OK for: react-router-dom@6.2.1 want: ^5.2.0
48 silly placeDep ROOT react-router@6.2.1 OK for: react-router-dom@6.2.1 want: 6.2.1
49 timing idealTree:node_modules/react-router-dom Completed in 15ms
50 timing idealTree:node_modules/history Completed in 0ms
51 timing idealTree:node_modules/react-router Completed in 0ms
52 timing idealTree:buildDeps Completed in 2966ms
53 timing idealTree:fixDepFlags Completed in 65ms
54 warn EBADENGINE Unsupported engine {
54 warn EBADENGINE   package: '@eslint/eslintrc@1.0.5',
54 warn EBADENGINE   required: { node: '^12.22.0 || ^14.17.0 || >=16.0.0' },
54 warn EBADENGINE   current: { node: 'v15.14.0', npm: '8.3.0' }
54 warn EBADENGINE }
55 warn EBADENGINE Unsupported engine {
55 warn EBADENGINE   package: '@typescript-eslint/eslint-plugin@5.8.0',
55 warn EBADENGINE   required: { node: '^12.22.0 || ^14.17.0 || >=16.0.0' },
55 warn EBADENGINE   current: { node: 'v15.14.0', npm: '8.3.0' }
55 warn EBADENGINE }
56 warn EBADENGINE Unsupported engine {
56 warn EBADENGINE   package: '@typescript-eslint/experimental-utils@5.8.0',
56 warn EBADENGINE   required: { node: '^12.22.0 || ^14.17.0 || >=16.0.0' },
56 warn EBADENGINE   current: { node: 'v15.14.0', npm: '8.3.0' }
56 warn EBADENGINE }
57 warn EBADENGINE Unsupported engine {
57 warn EBADENGINE   package: '@typescript-eslint/parser@5.8.0',
57 warn EBADENGINE   required: { node: '^12.22.0 || ^14.17.0 || >=16.0.0' },
57 warn EBADENGINE   current: { node: 'v15.14.0', npm: '8.3.0' }
57 warn EBADENGINE }
58 warn EBADENGINE Unsupported engine {
58 warn EBADENGINE   package: '@typescript-eslint/scope-manager@5.8.0',
58 warn EBADENGINE   required: { node: '^12.22.0 || ^14.17.0 || >=16.0.0' },
58 warn EBADENGINE   current: { node: 'v15.14.0', npm: '8.3.0' }
58 warn EBADENGINE }
59 warn EBADENGINE Unsupported engine {
59 warn EBADENGINE   package: '@typescript-eslint/types@5.8.0',
59 warn EBADENGINE   required: { node: '^12.22.0 || ^14.17.0 || >=16.0.0' },
59 warn EBADENGINE   current: { node: 'v15.14.0', npm: '8.3.0' }
59 warn EBADENGINE }
60 warn EBADENGINE Unsupported engine {
60 warn EBADENGINE   package: '@typescript-eslint/typescript-estree@5.8.0',
60 warn EBADENGINE   required: { node: '^12.22.0 || ^14.17.0 || >=16.0.0' },
60 warn EBADENGINE   current: { node: 'v15.14.0', npm: '8.3.0' }
60 warn EBADENGINE }
61 warn EBADENGINE Unsupported engine {
61 warn EBADENGINE   package: '@typescript-eslint/visitor-keys@5.8.0',
61 warn EBADENGINE   required: { node: '^12.22.0 || ^14.17.0 || >=16.0.0' },
61 warn EBADENGINE   current: { node: 'v15.14.0', npm: '8.3.0' }
61 warn EBADENGINE }
62 warn EBADENGINE Unsupported engine {
62 warn EBADENGINE   package: 'css-blank-pseudo@3.0.0',
62 warn EBADENGINE   required: { node: '^12 || ^14 || >=16' },
62 warn EBADENGINE   current: { node: 'v15.14.0', npm: '8.3.0' }
62 warn EBADENGINE }
63 warn EBADENGINE Unsupported engine {
63 warn EBADENGINE   package: 'css-has-pseudo@3.0.0',
63 warn EBADENGINE   required: { node: '^12 || ^14 || >=16' },
63 warn EBADENGINE   current: { node: 'v15.14.0', npm: '8.3.0' }
63 warn EBADENGINE }
64 warn EBADENGINE Unsupported engine {
64 warn EBADENGINE   package: 'css-prefers-color-scheme@6.0.0',
64 warn EBADENGINE   required: { node: '^12 || ^14 || >=16' },
64 warn EBADENGINE   current: { node: 'v15.14.0', npm: '8.3.0' }
64 warn EBADENGINE }
65 warn EBADENGINE Unsupported engine {
65 warn EBADENGINE   package: 'eslint@8.5.0',
65 warn EBADENGINE   required: { node: '^12.22.0 || ^14.17.0 || >=16.0.0' },
65 warn EBADENGINE   current: { node: 'v15.14.0', npm: '8.3.0' }
65 warn EBADENGINE }
66 warn EBADENGINE Unsupported engine {
66 warn EBADENGINE   package: 'eslint-plugin-jest@25.3.0',
66 warn EBADENGINE   required: { node: '^12.13.0 || ^14.15.0 || >=16.0.0' },
66 warn EBADENGINE   current: { node: 'v15.14.0', npm: '8.3.0' }
66 warn EBADENGINE }
67 warn EBADENGINE Unsupported engine {
67 warn EBADENGINE   package: 'eslint-plugin-testing-library@5.0.1',
67 warn EBADENGINE   required: { node: '^12.22.0 || ^14.17.0 || >=16.0.0', npm: '>=6' },
67 warn EBADENGINE   current: { node: 'v15.14.0', npm: '8.3.0' }
67 warn EBADENGINE }
68 warn EBADENGINE Unsupported engine {
68 warn EBADENGINE   package: 'eslint-scope@7.1.0',
68 warn EBADENGINE   required: { node: '^12.22.0 || ^14.17.0 || >=16.0.0' },
68 warn EBADENGINE   current: { node: 'v15.14.0', npm: '8.3.0' }
68 warn EBADENGINE }
69 warn EBADENGINE Unsupported engine {
69 warn EBADENGINE   package: 'eslint-visitor-keys@3.1.0',
69 warn EBADENGINE   required: { node: '^12.22.0 || ^14.17.0 || >=16.0.0' },
69 warn EBADENGINE   current: { node: 'v15.14.0', npm: '8.3.0' }
69 warn EBADENGINE }
70 warn EBADENGINE Unsupported engine {
70 warn EBADENGINE   package: 'espree@9.2.0',
70 warn EBADENGINE   required: { node: '^12.22.0 || ^14.17.0 || >=16.0.0' },
70 warn EBADENGINE   current: { node: 'v15.14.0', npm: '8.3.0' }
70 warn EBADENGINE }
71 warn EBADENGINE Unsupported engine {
71 warn EBADENGINE   package: 'jest-watch-typeahead@1.0.0',
71 warn EBADENGINE   required: { node: '^12.22.0 || ^14.17.0 || >=16.0.0' },
71 warn EBADENGINE   current: { node: 'v15.14.0', npm: '8.3.0' }
71 warn EBADENGINE }
72 warn EBADENGINE Unsupported engine {
72 warn EBADENGINE   package: 'postcss-color-functional-notation@4.1.0',
72 warn EBADENGINE   required: { node: '^12 || ^14 || >=16' },
72 warn EBADENGINE   current: { node: 'v15.14.0', npm: '8.3.0' }
72 warn EBADENGINE }
73 warn EBADENGINE Unsupported engine {
73 warn EBADENGINE   package: 'postcss-color-hex-alpha@8.0.1',
73 warn EBADENGINE   required: { node: '^12 || ^14 || >=16' },
73 warn EBADENGINE   current: { node: 'v15.14.0', npm: '8.3.0' }
73 warn EBADENGINE }
74 warn EBADENGINE Unsupported engine {
74 warn EBADENGINE   package: 'postcss-color-rebeccapurple@7.0.1',
74 warn EBADENGINE   required: { node: '^12 || ^14 || >=16' },
74 warn EBADENGINE   current: { node: 'v15.14.0', npm: '8.3.0' }
74 warn EBADENGINE }
75 warn EBADENGINE Unsupported engine {
75 warn EBADENGINE   package: 'postcss-custom-properties@12.0.1',
75 warn EBADENGINE   required: { node: '^12 || ^14 || >=16' },
75 warn EBADENGINE   current: { node: 'v15.14.0', npm: '8.3.0' }
75 warn EBADENGINE }
76 warn EBADENGINE Unsupported engine {
76 warn EBADENGINE   package: 'postcss-dir-pseudo-class@6.0.1',
76 warn EBADENGINE   required: { node: '^12 || ^14 || >=16' },
76 warn EBADENGINE   current: { node: 'v15.14.0', npm: '8.3.0' }
76 warn EBADENGINE }
77 warn EBADENGINE Unsupported engine {
77 warn EBADENGINE   package: 'postcss-double-position-gradients@3.0.3',
77 warn EBADENGINE   required: { node: '^12 || ^14 || >=16' },
77 warn EBADENGINE   current: { node: 'v15.14.0', npm: '8.3.0' }
77 warn EBADENGINE }
78 warn EBADENGINE Unsupported engine {
78 warn EBADENGINE   package: 'postcss-env-function@4.0.3',
78 warn EBADENGINE   required: { node: '^12 || ^14 || >=16' },
78 warn EBADENGINE   current: { node: 'v15.14.0', npm: '8.3.0' }
78 warn EBADENGINE }
79 warn EBADENGINE Unsupported engine {
79 warn EBADENGINE   package: 'postcss-focus-visible@6.0.2',
79 warn EBADENGINE   required: { node: '^12 || ^14 || >=16' },
79 warn EBADENGINE   current: { node: 'v15.14.0', npm: '8.3.0' }
79 warn EBADENGINE }
80 warn EBADENGINE Unsupported engine {
80 warn EBADENGINE   package: 'postcss-focus-within@5.0.2',
80 warn EBADENGINE   required: { node: '^12 || ^14 || >=16' },
80 warn EBADENGINE   current: { node: 'v15.14.0', npm: '8.3.0' }
80 warn EBADENGINE }
81 warn EBADENGINE Unsupported engine {
81 warn EBADENGINE   package: 'postcss-gap-properties@3.0.1',
81 warn EBADENGINE   required: { node: '^12 || ^14 || >=16' },
81 warn EBADENGINE   current: { node: 'v15.14.0', npm: '8.3.0' }
81 warn EBADENGINE }
82 warn EBADENGINE Unsupported engine {
82 warn EBADENGINE   package: 'postcss-image-set-function@4.0.3',
82 warn EBADENGINE   required: { node: '^12 || ^14 || >=16' },
82 warn EBADENGINE   current: { node: 'v15.14.0', npm: '8.3.0' }
82 warn EBADENGINE }
83 warn EBADENGINE Unsupported engine {
83 warn EBADENGINE   package: 'postcss-lab-function@4.0.2',
83 warn EBADENGINE   required: { node: '^12 || ^14 || >=16' },
83 warn EBADENGINE   current: { node: 'v15.14.0', npm: '8.3.0' }
83 warn EBADENGINE }
84 warn EBADENGINE Unsupported engine {
84 warn EBADENGINE   package: 'postcss-logical@5.0.1',
84 warn EBADENGINE   required: { node: '^12 || ^14 || >=16' },
84 warn EBADENGINE   current: { node: 'v15.14.0', npm: '8.3.0' }
84 warn EBADENGINE }
85 warn EBADENGINE Unsupported engine {
85 warn EBADENGINE   package: 'postcss-nesting@10.0.3',
85 warn EBADENGINE   required: { node: '^12 || ^14 || >=16' },
85 warn EBADENGINE   current: { node: 'v15.14.0', npm: '8.3.0' }
85 warn EBADENGINE }
86 warn EBADENGINE Unsupported engine {
86 warn EBADENGINE   package: 'postcss-overflow-shorthand@3.0.1',
86 warn EBADENGINE   required: { node: '^12 || ^14 || >=16' },
86 warn EBADENGINE   current: { node: 'v15.14.0', npm: '8.3.0' }
86 warn EBADENGINE }
87 warn EBADENGINE Unsupported engine {
87 warn EBADENGINE   package: 'postcss-place@7.0.2',
87 warn EBADENGINE   required: { node: '^12 || ^14 || >=16' },
87 warn EBADENGINE   current: { node: 'v15.14.0', npm: '8.3.0' }
87 warn EBADENGINE }
88 warn EBADENGINE Unsupported engine {
88 warn EBADENGINE   package: 'postcss-preset-env@7.0.2',
88 warn EBADENGINE   required: { node: '^12 || ^14 || >=16' },
88 warn EBADENGINE   current: { node: 'v15.14.0', npm: '8.3.0' }
88 warn EBADENGINE }
89 warn EBADENGINE Unsupported engine {
89 warn EBADENGINE   package: 'postcss-pseudo-class-any-link@7.0.1',
89 warn EBADENGINE   required: { node: '^12 || ^14 || >=16' },
89 warn EBADENGINE   current: { node: 'v15.14.0', npm: '8.3.0' }
89 warn EBADENGINE }
90 timing idealTree Completed in 5003ms
91 timing reify:loadTrees Completed in 5004ms
92 timing reify:diffTrees Completed in 113ms
93 silly reify moves {}
94 timing reify:retireShallow Completed in 0ms
95 timing reify:createSparse Completed in 6ms
96 timing reify:loadBundles Completed in 0ms
97 silly audit bulk request {
97 silly audit   '@babel/code-frame': [ '7.16.0' ],
97 silly audit   '@babel/compat-data': [ '7.16.4' ],
97 silly audit   '@babel/core': [ '7.16.5' ],
97 silly audit   semver: [ '6.3.0', '7.0.0', '7.3.5' ],
97 silly audit   '@babel/eslint-parser': [ '7.16.5' ],
97 silly audit   'eslint-scope': [ '5.1.1', '7.1.0' ],
97 silly audit   'eslint-visitor-keys': [ '2.1.0', '3.1.0' ],
97 silly audit   estraverse: [ '4.3.0', '5.3.0' ],
97 silly audit   '@babel/generator': [ '7.16.5' ],
97 silly audit   '@babel/helper-annotate-as-pure': [ '7.16.0' ],
97 silly audit   '@babel/helper-builder-binary-assignment-operator-visitor': [ '7.16.5' ],
97 silly audit   '@babel/helper-compilation-targets': [ '7.16.3' ],
97 silly audit   '@babel/helper-create-class-features-plugin': [ '7.16.5' ],
97 silly audit   '@babel/helper-create-regexp-features-plugin': [ '7.16.0' ],
97 silly audit   '@babel/helper-define-polyfill-provider': [ '0.3.0' ],
97 silly audit   '@babel/helper-environment-visitor': [ '7.16.5' ],
97 silly audit   '@babel/helper-explode-assignable-expression': [ '7.16.0' ],
97 silly audit   '@babel/helper-function-name': [ '7.16.0' ],
97 silly audit   '@babel/helper-get-function-arity': [ '7.16.0' ],
97 silly audit   '@babel/helper-hoist-variables': [ '7.16.0' ],
97 silly audit   '@babel/helper-member-expression-to-functions': [ '7.16.5' ],
97 silly audit   '@babel/helper-module-imports': [ '7.16.0' ],
97 silly audit   '@babel/helper-module-transforms': [ '7.16.5' ],
97 silly audit   '@babel/helper-optimise-call-expression': [ '7.16.0' ],
97 silly audit   '@babel/helper-plugin-utils': [ '7.16.5' ],
97 silly audit   '@babel/helper-remap-async-to-generator': [ '7.16.5' ],
97 silly audit   '@babel/helper-replace-supers': [ '7.16.5' ],
97 silly audit   '@babel/helper-simple-access': [ '7.16.0' ],
97 silly audit   '@babel/helper-skip-transparent-expression-wrappers': [ '7.16.0' ],
97 silly audit   '@babel/helper-split-export-declaration': [ '7.16.0' ],
97 silly audit   '@babel/helper-validator-identifier': [ '7.15.7' ],
97 silly audit   '@babel/helper-validator-option': [ '7.14.5' ],
97 silly audit   '@babel/helper-wrap-function': [ '7.16.5' ],
97 silly audit   '@babel/helpers': [ '7.16.5' ],
97 silly audit   '@babel/highlight': [ '7.16.0' ],
97 silly audit   '@babel/parser': [ '7.16.6' ],
97 silly audit   '@babel/plugin-bugfix-safari-id-destructuring-collision-in-function-expression': [ '7.16.2' ],
97 silly audit   '@babel/plugin-bugfix-v8-spread-parameters-in-optional-chaining': [ '7.16.0' ],
97 silly audit   '@babel/plugin-proposal-async-generator-functions': [ '7.16.5' ],
97 silly audit   '@babel/plugin-proposal-class-properties': [ '7.16.5' ],
97 silly audit   '@babel/plugin-proposal-class-static-block': [ '7.16.5' ],
97 silly audit   '@babel/plugin-proposal-decorators': [ '7.16.5' ],
97 silly audit   '@babel/plugin-proposal-dynamic-import': [ '7.16.5' ],
97 silly audit   '@babel/plugin-proposal-export-namespace-from': [ '7.16.5' ],
97 silly audit   '@babel/plugin-proposal-json-strings': [ '7.16.5' ],
97 silly audit   '@babel/plugin-proposal-logical-assignment-operators': [ '7.16.5' ],
97 silly audit   '@babel/plugin-proposal-nullish-coalescing-operator': [ '7.16.5' ],
97 silly audit   '@babel/plugin-proposal-numeric-separator': [ '7.16.5' ],
97 silly audit   '@babel/plugin-proposal-object-rest-spread': [ '7.16.5' ],
97 silly audit   '@babel/plugin-proposal-optional-catch-binding': [ '7.16.5' ],
97 silly audit   '@babel/plugin-proposal-optional-chaining': [ '7.16.5' ],
97 silly audit   '@babel/plugin-proposal-private-methods': [ '7.16.5' ],
97 silly audit   '@babel/plugin-proposal-private-property-in-object': [ '7.16.5' ],
97 silly audit   '@babel/plugin-proposal-unicode-property-regex': [ '7.16.5' ],
97 silly audit   '@babel/plugin-syntax-async-generators': [ '7.8.4' ],
97 silly audit   '@babel/plugin-syntax-bigint': [ '7.8.3' ],
97 silly audit   '@babel/plugin-syntax-class-properties': [ '7.12.13' ],
97 silly audit   '@babel/plugin-syntax-class-static-block': [ '7.14.5' ],
97 silly audit   '@babel/plugin-syntax-decorators': [ '7.16.5' ],
97 silly audit   '@babel/plugin-syntax-dynamic-import': [ '7.8.3' ],
97 silly audit   '@babel/plugin-syntax-export-namespace-from': [ '7.8.3' ],
97 silly audit   '@babel/plugin-syntax-flow': [ '7.16.5' ],
97 silly audit   '@babel/plugin-syntax-import-meta': [ '7.10.4' ],
97 silly audit   '@babel/plugin-syntax-json-strings': [ '7.8.3' ],
97 silly audit   '@babel/plugin-syntax-jsx': [ '7.16.5' ],
97 silly audit   '@babel/plugin-syntax-logical-assignment-operators': [ '7.10.4' ],
97 silly audit   '@babel/plugin-syntax-nullish-coalescing-operator': [ '7.8.3' ],
97 silly audit   '@babel/plugin-syntax-numeric-separator': [ '7.10.4' ],
97 silly audit   '@babel/plugin-syntax-object-rest-spread': [ '7.8.3' ],
97 silly audit   '@babel/plugin-syntax-optional-catch-binding': [ '7.8.3' ],
97 silly audit   '@babel/plugin-syntax-optional-chaining': [ '7.8.3' ],
97 silly audit   '@babel/plugin-syntax-private-property-in-object': [ '7.14.5' ],
97 silly audit   '@babel/plugin-syntax-top-level-await': [ '7.14.5' ],
97 silly audit   '@babel/plugin-syntax-typescript': [ '7.16.5' ],
97 silly audit   '@babel/plugin-transform-arrow-functions': [ '7.16.5' ],
97 silly audit   '@babel/plugin-transform-async-to-generator': [ '7.16.5' ],
97 silly audit   '@babel/plugin-transform-block-scoped-functions': [ '7.16.5' ],
97 silly audit   '@babel/plugin-transform-block-scoping': [ '7.16.5' ],
97 silly audit   '@babel/plugin-transform-classes': [ '7.16.5' ],
97 silly audit   '@babel/plugin-transform-computed-properties': [ '7.16.5' ],
97 silly audit   '@babel/plugin-transform-destructuring': [ '7.16.5' ],
97 silly audit   '@babel/plugin-transform-dotall-regex': [ '7.16.5' ],
97 silly audit   '@babel/plugin-transform-duplicate-keys': [ '7.16.5' ],
97 silly audit   '@babel/plugin-transform-exponentiation-operator': [ '7.16.5' ],
97 silly audit   '@babel/plugin-transform-flow-strip-types': [ '7.16.5' ],
97 silly audit   '@babel/plugin-transform-for-of': [ '7.16.5' ],
97 silly audit   '@babel/plugin-transform-function-name': [ '7.16.5' ],
97 silly audit   '@babel/plugin-transform-literals': [ '7.16.5' ],
97 silly audit   '@babel/plugin-transform-member-expression-literals': [ '7.16.5' ],
97 silly audit   '@babel/plugin-transform-modules-amd': [ '7.16.5' ],
97 silly audit   '@babel/plugin-transform-modules-commonjs': [ '7.16.5' ],
97 silly audit   '@babel/plugin-transform-modules-systemjs': [ '7.16.5' ],
97 silly audit   '@babel/plugin-transform-modules-umd': [ '7.16.5' ],
97 silly audit   '@babel/plugin-transform-named-capturing-groups-regex': [ '7.16.5' ],
97 silly audit   '@babel/plugin-transform-new-target': [ '7.16.5' ],
97 silly audit   '@babel/plugin-transform-object-super': [ '7.16.5' ],
97 silly audit   '@babel/plugin-transform-parameters': [ '7.16.5' ],
97 silly audit   '@babel/plugin-transform-property-literals': [ '7.16.5' ],
97 silly audit   '@babel/plugin-transform-react-constant-elements': [ '7.16.5' ],
97 silly audit   '@babel/plugin-transform-react-display-name': [ '7.16.5' ],
97 silly audit   '@babel/plugin-transform-react-jsx': [ '7.16.5' ],
97 silly audit   '@babel/plugin-transform-react-jsx-development': [ '7.16.5' ],
97 silly audit   '@babel/plugin-transform-react-pure-annotations': [ '7.16.5' ],
97 silly audit   '@babel/plugin-transform-regenerator': [ '7.16.5' ],
97 silly audit   '@babel/plugin-transform-reserved-words': [ '7.16.5' ],
97 silly audit   '@babel/plugin-transform-runtime': [ '7.16.5' ],
97 silly audit   '@babel/plugin-transform-shorthand-properties': [ '7.16.5' ],
97 silly audit   '@babel/plugin-transform-spread': [ '7.16.5' ],
97 silly audit   '@babel/plugin-transform-sticky-regex': [ '7.16.5' ],
97 silly audit   '@babel/plugin-transform-template-literals': [ '7.16.5' ],
97 silly audit   '@babel/plugin-transform-typeof-symbol': [ '7.16.5' ],
97 silly audit   '@babel/plugin-transform-typescript': [ '7.16.1' ],
97 silly audit   '@babel/plugin-transform-unicode-escapes': [ '7.16.5' ],
97 silly audit   '@babel/plugin-transform-unicode-regex': [ '7.16.5' ],
97 silly audit   '@babel/preset-env': [ '7.16.5' ],
97 silly audit   '@babel/preset-modules': [ '0.1.5' ],
97 silly audit   '@babel/preset-react': [ '7.16.5' ],
97 silly audit   '@babel/preset-typescript': [ '7.16.5' ],
97 silly audit   '@babel/runtime': [ '7.16.5' ],
97 silly audit   '@babel/runtime-corejs3': [ '7.16.5' ],
97 silly audit   '@babel/template': [ '7.16.0' ],
97 silly audit   '@babel/traverse': [ '7.16.5' ],
97 silly audit   '@babel/types': [ '7.16.0' ],
97 silly audit   '@bcoe/v8-coverage': [ '0.2.3' ],
97 silly audit   '@csstools/normalize.css': [ '12.0.0' ],
97 silly audit   '@eslint/eslintrc': [ '1.0.5' ],
97 silly audit   argparse: [ '2.0.1', '1.0.10' ],
97 silly audit   globals: [ '13.12.0', '11.12.0' ],
97 silly audit   'js-yaml': [ '4.1.0', '3.14.1' ],
97 silly audit   'type-fest': [ '0.20.2', '0.16.0', '0.21.3' ],
97 silly audit   '@humanwhocodes/config-array': [ '0.9.2' ],
97 silly audit   '@humanwhocodes/object-schema': [ '1.2.1' ],
97 silly audit   '@istanbuljs/load-nyc-config': [ '1.1.0' ],
97 silly audit   camelcase: [ '5.3.1', '6.2.1' ],
97 silly audit   'find-up': [ '4.1.0', '2.1.0', '5.0.0', '3.0.0' ],
97 silly audit   'locate-path': [ '5.0.0', '2.0.0', '6.0.0', '3.0.0' ],
97 silly audit   'p-limit': [ '2.3.0', '1.3.0', '3.1.0' ],
97 silly audit   'p-locate': [ '4.1.0', '2.0.0', '5.0.0', '3.0.0' ],
97 silly audit   '@istanbuljs/schema': [ '0.1.3' ],
97 silly audit   '@jest/console': [ '27.4.2' ],
97 silly audit   'ansi-styles': [ '4.3.0', '3.2.1', '5.2.0' ],
97 silly audit   chalk: [ '4.1.2', '3.0.0', '2.4.2' ],
97 silly audit   'color-convert': [ '2.0.1', '1.9.3' ],
97 silly audit   'color-name': [ '1.1.4', '1.1.3' ],
97 silly audit   'has-flag': [ '4.0.0', '3.0.0' ],
97 silly audit   'supports-color': [ '7.2.0', '8.1.1', '5.5.0' ],
97 silly audit   '@jest/core': [ '27.4.5' ],
97 silly audit   '@jest/environment': [ '27.4.4' ],
97 silly audit   '@jest/fake-timers': [ '27.4.2' ],
97 silly audit   '@jest/globals': [ '27.4.4' ],
97 silly audit   '@jest/reporters': [ '27.4.5' ],
97 silly audit   'istanbul-lib-instrument': [ '4.0.3', '5.1.0' ],
97 silly audit   'source-map': [ '0.6.1', '0.7.3', '0.5.7', '0.8.0-beta.0' ],
97 silly audit   '@jest/source-map': [ '27.4.0' ],
97 silly audit   '@jest/test-result': [ '27.4.2' ],
97 silly audit   '@jest/test-sequencer': [ '27.4.5' ],
97 silly audit   '@jest/transform': [ '27.4.5' ],
97 silly audit   '@jest/types': [ '27.4.2' ],
97 silly audit   '@nodelib/fs.scandir': [ '2.1.5' ],
97 silly audit   '@nodelib/fs.stat': [ '2.0.5' ],
97 silly audit   '@nodelib/fs.walk': [ '1.2.8' ],
97 silly audit   '@pmmmwh/react-refresh-webpack-plugin': [ '0.5.3' ],
97 silly audit   '@rollup/plugin-babel': [ '5.3.0' ],
97 silly audit   '@rollup/plugin-node-resolve': [ '11.2.1' ],
97 silly audit   '@rollup/plugin-replace': [ '2.4.2' ],
97 silly audit   '@rollup/pluginutils': [ '3.1.0' ],
97 silly audit   '@types/estree': [ '0.0.39', '0.0.50' ],
97 silly audit   '@rushstack/eslint-patch': [ '1.1.0' ],
97 silly audit   '@sinonjs/commons': [ '1.8.3' ],
97 silly audit   '@sinonjs/fake-timers': [ '8.1.0' ],
97 silly audit   '@surma/rollup-plugin-off-main-thread': [ '2.2.3' ],
97 silly audit   '@svgr/babel-plugin-add-jsx-attribute': [ '5.4.0' ],
97 silly audit   '@svgr/babel-plugin-remove-jsx-attribute': [ '5.4.0' ],
97 silly audit   '@svgr/babel-plugin-remove-jsx-empty-expression': [ '5.0.1' ],
97 silly audit   '@svgr/babel-plugin-replace-jsx-attribute-value': [ '5.0.1' ],
97 silly audit   '@svgr/babel-plugin-svg-dynamic-title': [ '5.4.0' ],
97 silly audit   '@svgr/babel-plugin-svg-em-dimensions': [ '5.4.0' ],
97 silly audit   '@svgr/babel-plugin-transform-react-native-svg': [ '5.4.0' ],
97 silly audit   '@svgr/babel-plugin-transform-svg-component': [ '5.5.0' ],
97 silly audit   '@svgr/babel-preset': [ '5.5.0' ],
97 silly audit   '@svgr/core': [ '5.5.0' ],
97 silly audit   '@svgr/hast-util-to-babel-ast': [ '5.5.0' ],
97 silly audit   '@svgr/plugin-jsx': [ '5.5.0' ],
97 silly audit   '@svgr/plugin-svgo': [ '5.5.0' ],
97 silly audit   '@svgr/webpack': [ '5.5.0' ],
97 silly audit   '@testing-library/dom': [ '8.11.1' ],
97 silly audit   'aria-query': [ '5.0.0', '4.2.2' ],
97 silly audit   '@testing-library/jest-dom': [ '5.16.1' ],
97 silly audit   '@testing-library/react': [ '12.1.2' ],
97 silly audit   '@testing-library/user-event': [ '13.5.0' ],
97 silly audit   '@tootallnate/once': [ '1.1.2' ],
97 silly audit   '@trysound/sax': [ '0.2.0' ],
97 silly audit   '@types/aria-query': [ '4.2.2' ],
97 silly audit   '@types/babel__core': [ '7.1.17' ],
97 silly audit   '@types/babel__generator': [ '7.6.3' ],
97 silly audit   '@types/babel__template': [ '7.4.1' ],
97 silly audit   '@types/babel__traverse': [ '7.14.2' ],
97 silly audit   '@types/body-parser': [ '1.19.2' ],
97 silly audit   '@types/bonjour': [ '3.5.9' ],
97 silly audit   '@types/connect': [ '3.4.35' ],
97 silly audit   '@types/connect-history-api-fallback': [ '1.3.5' ],
97 silly audit   '@types/eslint': [ '7.29.0' ],
97 silly audit   '@types/eslint-scope': [ '3.7.2' ],
97 silly audit   '@types/express': [ '4.17.13' ],
97 silly audit   '@types/express-serve-static-core': [ '4.17.26' ],
97 silly audit   '@types/graceful-fs': [ '4.1.5' ],
97 silly audit   '@types/html-minifier-terser': [ '6.1.0' ],
97 silly audit   '@types/http-proxy': [ '1.17.8' ],
97 silly audit   '@types/istanbul-lib-coverage': [ '2.0.3' ],
97 silly audit   '@types/istanbul-lib-report': [ '3.0.0' ],
97 silly audit   '@types/istanbul-reports': [ '3.0.1' ],
97 silly audit   '@types/jest': [ '27.0.3' ],
97 silly audit   '@types/json-schema': [ '7.0.9' ],
97 silly audit   '@types/json5': [ '0.0.29' ],
97 silly audit   '@types/mime': [ '1.3.2' ],
97 silly audit   '@types/node': [ '17.0.2' ],
97 silly audit   '@types/parse-json': [ '4.0.0' ],
97 silly audit   '@types/prettier': [ '2.4.2' ],
97 silly audit   '@types/q': [ '1.5.5' ],
97 silly audit   '@types/qs': [ '6.9.7' ],
97 silly audit   '@types/range-parser': [ '1.2.4' ],
97 silly audit   '@types/resolve': [ '1.17.1' ],
97 silly audit   '@types/retry': [ '0.12.1' ],
97 silly audit   '@types/serve-index': [ '1.9.1' ],
97 silly audit   '@types/serve-static': [ '1.13.10' ],
97 silly audit   '@types/sockjs': [ '0.3.33' ],
97 silly audit   '@types/stack-utils': [ '2.0.1' ],
97 silly audit   '@types/testing-library__jest-dom': [ '5.14.2' ],
97 silly audit   '@types/trusted-types': [ '2.0.2' ],
97 silly audit   '@types/ws': [ '8.2.2' ],
97 silly audit   '@types/yargs': [ '16.0.4' ],
97 silly audit   '@types/yargs-parser': [ '20.2.1' ],
97 silly audit   '@typescript-eslint/eslint-plugin': [ '5.8.0' ],
97 silly audit   ignore: [ '5.2.0', '4.0.6' ],
97 silly audit   '@typescript-eslint/experimental-utils': [ '5.8.0' ],
97 silly audit   '@typescript-eslint/parser': [ '5.8.0' ],
97 silly audit   '@typescript-eslint/scope-manager': [ '5.8.0' ],
97 silly audit   '@typescript-eslint/types': [ '5.8.0' ],
97 silly audit   '@typescript-eslint/typescript-estree': [ '5.8.0' ],
97 silly audit   '@typescript-eslint/visitor-keys': [ '5.8.0' ],
97 silly audit   '@webassemblyjs/ast': [ '1.11.1' ],
97 silly audit   '@webassemblyjs/floating-point-hex-parser': [ '1.11.1' ],
97 silly audit   '@webassemblyjs/helper-api-error': [ '1.11.1' ],
97 silly audit   '@webassemblyjs/helper-buffer': [ '1.11.1' ],
97 silly audit   '@webassemblyjs/helper-numbers': [ '1.11.1' ],
97 silly audit   '@webassemblyjs/helper-wasm-bytecode': [ '1.11.1' ],
97 silly audit   '@webassemblyjs/helper-wasm-section': [ '1.11.1' ],
97 silly audit   '@webassemblyjs/ieee754': [ '1.11.1' ],
97 silly audit   '@webassemblyjs/leb128': [ '1.11.1' ],
97 silly audit   '@webassemblyjs/utf8': [ '1.11.1' ],
97 silly audit   '@webassemblyjs/wasm-edit': [ '1.11.1' ],
97 silly audit   '@webassemblyjs/wasm-gen': [ '1.11.1' ],
97 silly audit   '@webassemblyjs/wasm-opt': [ '1.11.1' ],
97 silly audit   '@webassemblyjs/wasm-parser': [ '1.11.1' ],
97 silly audit   '@webassemblyjs/wast-printer': [ '1.11.1' ],
97 silly audit   '@xtuc/ieee754': [ '1.2.0' ],
97 silly audit   '@xtuc/long': [ '4.2.2' ],
97 silly audit   abab: [ '2.0.5' ],
97 silly audit   accepts: [ '1.3.7' ],
97 silly audit   acorn: [ '8.6.0', '7.4.1' ],
97 silly audit   'acorn-globals': [ '6.0.0' ],
97 silly audit   'acorn-import-assertions': [ '1.8.0' ],
97 silly audit   'acorn-jsx': [ '5.3.2' ],
97 silly audit   'acorn-node': [ '1.8.2' ],
97 silly audit   'acorn-walk': [ '7.2.0' ],
97 silly audit   address: [ '1.1.2' ],
97 silly audit   'adjust-sourcemap-loader': [ '4.0.0' ],
97 silly audit   'agent-base': [ '6.0.2' ],
97 silly audit   'aggregate-error': [ '3.1.0' ],
97 silly audit   ajv: [ '6.12.6', '8.8.2' ],
97 silly audit   'ajv-formats': [ '2.1.1' ],
97 silly audit   'json-schema-traverse': [ '1.0.0', '0.4.1' ],
97 silly audit   'ajv-keywords': [ '3.5.2', '5.1.0' ],
97 silly audit   'alphanum-sort': [ '1.0.2' ],
97 silly audit   'ansi-colors': [ '4.1.1' ],
97 silly audit   'ansi-escapes': [ '4.3.2' ],
97 silly audit   'ansi-html-community': [ '0.0.8' ],
97 silly audit   'ansi-regex': [ '5.0.1', '6.0.1' ],
97 silly audit   anymatch: [ '3.1.2' ],
97 silly audit   arg: [ '5.0.1' ],
97 silly audit   'array-flatten': [ '2.1.2', '1.1.1' ],
97 silly audit   'array-includes': [ '3.1.4' ],
97 silly audit   'array-union': [ '2.1.0' ],
97 silly audit   'array.prototype.flat': [ '1.2.5' ],
97 silly audit   'array.prototype.flatmap': [ '1.2.5' ],
97 silly audit   asap: [ '2.0.6' ],
97 silly audit   'ast-types-flow': [ '0.0.7' ],
97 silly audit   async: [ '2.6.3', '0.9.2' ],
97 silly audit   asynckit: [ '0.4.0' ],
97 silly audit   'at-least-node': [ '1.0.0' ],
97 silly audit   atob: [ '2.1.2' ],
97 silly audit   autoprefixer: [ '10.4.0' ],
97 silly audit   'axe-core': [ '4.3.5' ],
97 silly audit   axios: [ '0.24.0' ],
97 silly audit   'axobject-query': [ '2.2.0' ],
97 silly audit   'babel-jest': [ '27.4.5' ],
97 silly audit   'babel-loader': [ '8.2.3' ],
97 silly audit   json5: [ '1.0.1', '2.2.0' ],
97 silly audit   'loader-utils': [ '1.4.0', '2.0.2', '3.2.0' ],
97 silly audit   'schema-utils': [ '2.7.1', '4.0.0', '2.7.0', '3.1.1' ],
97 silly audit   'babel-plugin-dynamic-import-node': [ '2.3.3' ],
97 silly audit   'babel-plugin-istanbul': [ '6.1.1' ],
97 silly audit   'babel-plugin-jest-hoist': [ '27.4.0' ],
97 silly audit   'babel-plugin-macros': [ '3.1.0' ],
97 silly audit   'babel-plugin-named-asset-import': [ '0.3.8' ],
97 silly audit   'babel-plugin-polyfill-corejs2': [ '0.3.0' ],
97 silly audit   'babel-plugin-polyfill-corejs3': [ '0.4.0' ],
97 silly audit   'babel-plugin-polyfill-regenerator': [ '0.3.0' ],
97 silly audit   'babel-plugin-transform-react-remove-prop-types': [ '0.4.24' ],
97 silly audit   'babel-preset-current-node-syntax': [ '1.0.1' ],
97 silly audit   'babel-preset-jest': [ '27.4.0' ],
97 silly audit   'babel-preset-react-app': [ '10.0.1' ],
97 silly audit   'balanced-match': [ '1.0.2' ],
97 silly audit   batch: [ '0.6.1' ],
97 silly audit   bfj: [ '7.0.2' ],
97 silly audit   'big.js': [ '5.2.2' ],
97 silly audit   'binary-extensions': [ '2.2.0' ],
97 silly audit   bluebird: [ '3.7.2' ],
97 silly audit   'body-parser': [ '1.19.1' ],
97 silly audit   bytes: [ '3.1.1', '3.0.0' ],
97 silly audit   debug: [ '2.6.9', '4.3.3', '3.2.7' ],
97 silly audit   'iconv-lite': [ '0.4.24', '0.6.3' ],
97 silly audit   ms: [ '2.0.0', '2.1.2', '2.1.3' ],
97 silly audit   bonjour: [ '3.5.0' ],
97 silly audit   boolbase: [ '1.0.0' ],
97 silly audit   'brace-expansion': [ '1.1.11' ],
97 silly audit   braces: [ '3.0.2' ],
97 silly audit   'browser-process-hrtime': [ '1.0.0' ],
97 silly audit   browserslist: [ '4.19.1' ],
97 silly audit   bser: [ '2.1.1' ],
97 silly audit   'buffer-from': [ '1.1.2' ],
97 silly audit   'buffer-indexof': [ '1.1.1' ],
97 silly audit   'builtin-modules': [ '3.2.0' ],
97 silly audit   'call-bind': [ '1.0.2' ],
97 silly audit   callsites: [ '3.1.0' ],
97 silly audit   'camel-case': [ '4.1.2' ],
97 silly audit   'camelcase-css': [ '2.0.1' ],
97 silly audit   'caniuse-api': [ '3.0.0' ],
97 silly audit   'caniuse-lite': [ '1.0.30001291' ],
97 silly audit   'case-sensitive-paths-webpack-plugin': [ '2.4.0' ],
97 silly audit   'char-regex': [ '1.0.2', '2.0.0' ],
97 silly audit   'check-types': [ '11.1.2' ],
97 silly audit   chokidar: [ '3.5.2' ],
97 silly audit   'glob-parent': [ '5.1.2', '6.0.2' ],
97 silly audit   'chrome-trace-event': [ '1.0.3' ],
97 silly audit   'ci-info': [ '3.3.0' ],
97 silly audit   'cjs-module-lexer': [ '1.2.2' ],
97 silly audit   'clean-css': [ '5.2.2' ],
97 silly audit   'clean-stack': [ '2.2.0' ],
97 silly audit   cliui: [ '7.0.4' ],
97 silly audit   co: [ '4.6.0' ],
97 silly audit   coa: [ '2.0.2' ],
97 silly audit   'collect-v8-coverage': [ '1.0.1' ],
97 silly audit   colord: [ '2.9.2' ],
97 silly audit   colorette: [ '2.0.16' ],
97 silly audit   'combined-stream': [ '1.0.8' ],
97 silly audit   commander: [ '8.3.0', '7.2.0', '2.20.3' ],
97 silly audit   'common-path-prefix': [ '3.0.0' ],
97 silly audit   'common-tags': [ '1.8.2' ],
97 silly audit   commondir: [ '1.0.1' ],
97 silly audit   compressible: [ '2.0.18' ],
97 silly audit   compression: [ '1.7.4' ],
97 silly audit   'concat-map': [ '0.0.1' ],
97 silly audit   'confusing-browser-globals': [ '1.0.11' ],
97 silly audit   'connect-history-api-fallback': [ '1.6.0' ],
97 silly audit   'content-disposition': [ '0.5.4' ],
97 silly audit   'safe-buffer': [ '5.2.1', '5.1.2' ],
97 silly audit   'content-type': [ '1.0.4' ],
97 silly audit   'convert-source-map': [ '1.8.0' ],
97 silly audit   cookie: [ '0.4.1' ],
97 silly audit   'cookie-signature': [ '1.0.6' ],
97 silly audit   'core-js': [ '3.20.0' ],
97 silly audit   'core-js-compat': [ '3.20.0' ],
97 silly audit   'core-js-pure': [ '3.20.0' ],
97 silly audit   'core-util-is': [ '1.0.3' ],
97 silly audit   cosmiconfig: [ '7.0.1', '6.0.0' ],
97 silly audit   'cross-spawn': [ '7.0.3' ],
97 silly audit   'crypto-random-string': [ '2.0.0' ],
97 silly audit   css: [ '3.0.0' ],
97 silly audit   'css-blank-pseudo': [ '3.0.0' ],
97 silly audit   'css-declaration-sorter': [ '6.1.3' ],
97 silly audit   'css-has-pseudo': [ '3.0.0' ],
97 silly audit   'css-loader': [ '6.5.1' ],
97 silly audit   'css-minimizer-webpack-plugin': [ '3.3.1' ],
97 silly audit   'css-prefers-color-scheme': [ '6.0.0' ],
97 silly audit   'css-select': [ '4.2.0', '2.1.0' ],
97 silly audit   'css-select-base-adapter': [ '0.1.1' ],
97 silly audit   'css-tree': [ '1.0.0-alpha.37', '1.1.3' ],
97 silly audit   'css-what': [ '5.1.0', '3.4.2' ],
97 silly audit   'css.escape': [ '1.5.1' ],
97 silly audit   cssdb: [ '5.0.0' ],
97 silly audit   cssesc: [ '3.0.0' ],
97 silly audit   cssnano: [ '5.0.14' ],
97 silly audit   'cssnano-preset-default': [ '5.1.9' ],
97 silly audit   'cssnano-utils': [ '2.0.1' ],
97 silly audit   csso: [ '4.2.0' ],
97 silly audit   'mdn-data': [ '2.0.14', '2.0.4' ],
97 silly audit   cssom: [ '0.4.4', '0.3.8' ],
97 silly audit   cssstyle: [ '2.3.0' ],
97 silly audit   'damerau-levenshtein': [ '1.0.7' ],
97 silly audit   'data-urls': [ '2.0.0' ],
97 silly audit   'decimal.js': [ '10.3.1' ],
97 silly audit   'decode-uri-component': [ '0.2.0' ],
97 silly audit   dedent: [ '0.7.0' ],
97 silly audit   'deep-equal': [ '1.1.1' ],
97 silly audit   'deep-is': [ '0.1.4' ],
97 silly audit   deepmerge: [ '4.2.2' ],
97 silly audit   'default-gateway': [ '6.0.3' ],
97 silly audit   'define-lazy-prop': [ '2.0.0' ],
97 silly audit   'define-properties': [ '1.1.3' ],
97 silly audit   defined: [ '1.0.0' ],
97 silly audit   del: [ '6.0.0' ],
97 silly audit   'delayed-stream': [ '1.0.0' ],
97 silly audit   depd: [ '1.1.2' ],
97 silly audit   destroy: [ '1.0.4' ],
97 silly audit   'detect-newline': [ '3.1.0' ],
97 silly audit   'detect-node': [ '2.1.0' ],
97 silly audit   'detect-port-alt': [ '1.1.6' ],
97 silly audit   detective: [ '5.2.0' ],
97 silly audit   didyoumean: [ '1.2.2' ],
97 silly audit   'diff-sequences': [ '27.4.0' ],
97 silly audit   'dir-glob': [ '3.0.1' ],
97 silly audit   dlv: [ '1.1.3' ],
97 silly audit   'dns-equal': [ '1.0.0' ],
97 silly audit   'dns-packet': [ '1.3.4' ],
97 silly audit   'dns-txt': [ '2.0.2' ],
97 silly audit   doctrine: [ '3.0.0', '2.1.0' ],
97 silly audit   'dom-accessibility-api': [ '0.5.10' ],
97 silly audit   'dom-converter': [ '0.2.0' ],
97 silly audit   'dom-serializer': [ '1.3.2', '0.2.2' ],
97 silly audit   domelementtype: [ '2.2.0', '1.3.1' ],
97 silly audit   domexception: [ '2.0.1' ],
97 silly audit   'webidl-conversions': [ '5.0.0', '6.1.0', '4.0.2' ],
97 silly audit   domhandler: [ '4.3.0' ],
97 silly audit   domutils: [ '2.8.0', '1.7.0' ],
97 silly audit   'dot-case': [ '3.0.4' ],
97 silly audit   dotenv: [ '10.0.0' ],
97 silly audit   'dotenv-expand': [ '5.1.0' ],
97 silly audit   duplexer: [ '0.1.2' ],
97 silly audit   'ee-first': [ '1.1.1' ],
97 silly audit   ejs: [ '3.1.6' ],
97 silly audit   'electron-to-chromium': [ '1.4.25' ],
97 silly audit   emittery: [ '0.8.1' ],
97 silly audit   'emoji-regex': [ '9.2.2', '8.0.0' ],
97 silly audit   'emojis-list': [ '3.0.0' ],
97 silly audit   encodeurl: [ '1.0.2' ],
97 silly audit   'enhanced-resolve': [ '5.8.3' ],
97 silly audit   enquirer: [ '2.3.6' ],
97 silly audit   entities: [ '2.2.0' ],
97 silly audit   'error-ex': [ '1.3.2' ],
97 silly audit   'error-stack-parser': [ '2.0.6' ],
97 silly audit   'es-abstract': [ '1.19.1' ],
97 silly audit   'es-module-lexer': [ '0.9.3' ],
97 silly audit   'es-to-primitive': [ '1.2.1' ],
97 silly audit   escalade: [ '3.1.1' ],
97 silly audit   'escape-html': [ '1.0.3' ],
97 silly audit   'escape-string-regexp': [ '1.0.5', '4.0.0', '2.0.0' ],
97 silly audit   escodegen: [ '2.0.0' ],
97 silly audit   levn: [ '0.3.0', '0.4.1' ],
97 silly audit   optionator: [ '0.8.3', '0.9.1' ],
97 silly audit   'prelude-ls': [ '1.1.2', '1.2.1' ],
97 silly audit   'type-check': [ '0.3.2', '0.4.0' ],
97 silly audit   eslint: [ '8.5.0' ],
97 silly audit   'eslint-config-react-app': [ '7.0.0' ],
97 silly audit   'eslint-import-resolver-node': [ '0.3.6' ],
97 silly audit   'eslint-module-utils': [ '2.7.1' ],
97 silly audit   'p-try': [ '1.0.0', '2.2.0' ],
97 silly audit   'path-exists': [ '3.0.0', '4.0.0' ],
97 silly audit   'eslint-plugin-flowtype': [ '8.0.3' ],
97 silly audit   'eslint-plugin-import': [ '2.25.3' ],
97 silly audit   'eslint-plugin-jest': [ '25.3.0' ],
97 silly audit   'eslint-plugin-jsx-a11y': [ '6.5.1' ],
97 silly audit   'eslint-plugin-react': [ '7.27.1' ],
97 silly audit   'eslint-plugin-react-hooks': [ '4.3.0' ],
97 silly audit   resolve: [ '2.0.0-next.3', '1.20.0' ],
97 silly audit   'eslint-plugin-testing-library': [ '5.0.1' ],
97 silly audit   'eslint-utils': [ '3.0.0' ],
97 silly audit   'eslint-webpack-plugin': [ '3.1.1' ],
97 silly audit   espree: [ '9.2.0' ],
97 silly audit   esprima: [ '4.0.1' ],
97 silly audit   esquery: [ '1.4.0' ],
97 silly audit   esrecurse: [ '4.3.0' ],
97 silly audit   'estree-walker': [ '1.0.1' ],
97 silly audit   esutils: [ '2.0.3' ],
97 silly audit   etag: [ '1.8.1' ],
97 silly audit   eventemitter3: [ '4.0.7' ],
97 silly audit   events: [ '3.3.0' ],
97 silly audit   execa: [ '5.1.1' ],
97 silly audit   exit: [ '0.1.2' ],
97 silly audit   expect: [ '27.4.2' ],
97 silly audit   express: [ '4.17.2' ],
97 silly audit   'fast-deep-equal': [ '3.1.3' ],
97 silly audit   'fast-glob': [ '3.2.7' ],
97 silly audit   'fast-json-stable-stringify': [ '2.1.0' ],
97 silly audit   'fast-levenshtein': [ '2.0.6' ],
97 silly audit   fastq: [ '1.13.0' ],
97 silly audit   'faye-websocket': [ '0.11.4' ],
97 silly audit   'fb-watchman': [ '2.0.1' ],
97 silly audit   'file-entry-cache': [ '6.0.1' ],
97 silly audit   'file-loader': [ '6.2.0' ],
97 silly audit   filelist: [ '1.0.2' ],
97 silly audit   filesize: [ '8.0.6' ],
97 silly audit   'fill-range': [ '7.0.1' ],
97 silly audit   finalhandler: [ '1.1.2' ],
97 silly audit   'find-cache-dir': [ '3.3.2' ],
97 silly audit   'pkg-dir': [ '4.2.0', '2.0.0' ],
97 silly audit   'flat-cache': [ '3.0.4' ],
97 silly audit   flatted: [ '3.2.4' ],
97 silly audit   'follow-redirects': [ '1.14.6' ],
97 silly audit   'fork-ts-checker-webpack-plugin': [ '6.5.0' ],
97 silly audit   'fs-extra': [ '9.1.0', '10.0.0' ],
97 silly audit   tapable: [ '1.1.3', '2.2.1' ],
97 silly audit   'form-data': [ '3.0.1' ],
97 silly audit   forwarded: [ '0.2.0' ],
97 silly audit   'fraction.js': [ '4.1.2' ],
97 silly audit   fresh: [ '0.5.2' ],
97 silly audit   'fs-monkey': [ '1.0.3' ],
97 silly audit   'fs.realpath': [ '1.0.0' ],
97 silly audit   fsevents: [ '2.3.2' ],
97 silly audit   'function-bind': [ '1.1.1' ],
97 silly audit   'functional-red-black-tree': [ '1.0.1' ],
97 silly audit   gensync: [ '1.0.0-beta.2' ],
97 silly audit   'get-caller-file': [ '2.0.5' ],
97 silly audit   'get-intrinsic': [ '1.1.1' ],
97 silly audit   'get-own-enumerable-property-symbols': [ '3.0.2' ],
97 silly audit   'get-package-type': [ '0.1.0' ],
97 silly audit   'get-stream': [ '6.0.1' ],
97 silly audit   'get-symbol-description': [ '1.0.0' ],
97 silly audit   glob: [ '7.2.0' ],
97 silly audit   'glob-to-regexp': [ '0.4.1' ],
97 silly audit   'global-modules': [ '2.0.0' ],
97 silly audit   'global-prefix': [ '3.0.0' ],
97 silly audit   which: [ '1.3.1', '2.0.2' ],
97 silly audit   globby: [ '11.0.4' ],
97 silly audit   'graceful-fs': [ '4.2.8' ],
97 silly audit   'gzip-size': [ '6.0.0' ],
97 silly audit   'handle-thing': [ '2.0.1' ],
97 silly audit   'harmony-reflect': [ '1.6.2' ],
97 silly audit   has: [ '1.0.3' ],
97 silly audit   'has-bigints': [ '1.0.1' ],
97 silly audit   'has-symbols': [ '1.0.2' ],
97 silly audit   'has-tostringtag': [ '1.0.0' ],
97 silly audit   he: [ '1.2.0' ],
97 silly audit   hoopy: [ '0.1.4' ],
97 silly audit   'hpack.js': [ '2.1.6' ],
97 silly audit   'readable-stream': [ '2.3.7', '3.6.0' ],
97 silly audit   string_decoder: [ '1.1.1', '1.3.0' ],
97 silly audit   'html-encoding-sniffer': [ '2.0.1' ],
97 silly audit   'html-entities': [ '2.3.2' ],
97 silly audit   'html-escaper': [ '2.0.2' ],
97 silly audit   'html-minifier-terser': [ '6.1.0' ],
97 silly audit   'html-webpack-plugin': [ '5.5.0' ],
97 silly audit   htmlparser2: [ '6.1.0' ],
97 silly audit   'http-deceiver': [ '1.2.7' ],
97 silly audit   'http-errors': [ '1.8.1', '1.6.3' ],
97 silly audit   'http-parser-js': [ '0.5.5' ],
97 silly audit   'http-proxy': [ '1.18.1' ],
97 silly audit   'http-proxy-agent': [ '4.0.1' ],
97 silly audit   'http-proxy-middleware': [ '2.0.1' ],
97 silly audit   'https-proxy-agent': [ '5.0.0' ],
97 silly audit   'human-signals': [ '2.1.0' ],
97 silly audit   'icss-utils': [ '5.1.0' ],
97 silly audit   idb: [ '6.1.5' ],
97 silly audit   'identity-obj-proxy': [ '3.0.0' ],
97 silly audit   immer: [ '9.0.7' ],
97 silly audit   'import-cwd': [ '3.0.0' ],
97 silly audit   'import-fresh': [ '3.3.0' ],
97 silly audit   'resolve-from': [ '4.0.0', '5.0.0' ],
97 silly audit   'import-from': [ '3.0.0' ],
97 silly audit   'import-local': [ '3.0.3' ],
97 silly audit   imurmurhash: [ '0.1.4' ],
97 silly audit   'indent-string': [ '4.0.0' ],
97 silly audit   inflight: [ '1.0.6' ],
97 silly audit   inherits: [ '2.0.4', '2.0.3' ],
97 silly audit   ini: [ '1.3.8' ],
97 silly audit   'internal-slot': [ '1.0.3' ],
97 silly audit   ip: [ '1.1.5' ],
97 silly audit   'ipaddr.js': [ '2.0.1', '1.9.1' ],
97 silly audit   'is-arguments': [ '1.1.1' ],
97 silly audit   'is-arrayish': [ '0.2.1' ],
97 silly audit   'is-bigint': [ '1.0.4' ],
97 silly audit   'is-binary-path': [ '2.1.0' ],
97 silly audit   'is-boolean-object': [ '1.1.2' ],
97 silly audit   'is-callable': [ '1.2.4' ],
97 silly audit   'is-core-module': [ '2.8.0' ],
97 silly audit   'is-date-object': [ '1.0.5' ],
97 silly audit   'is-docker': [ '2.2.1' ],
97 silly audit   'is-extglob': [ '2.1.1' ],
97 silly audit   'is-fullwidth-code-point': [ '3.0.0' ],
97 silly audit   'is-generator-fn': [ '2.1.0' ],
97 silly audit   'is-glob': [ '4.0.3' ],
97 silly audit   'is-module': [ '1.0.0' ],
97 silly audit   'is-negative-zero': [ '2.0.2' ],
97 silly audit   'is-number': [ '7.0.0' ],
97 silly audit   'is-number-object': [ '1.0.6' ],
97 silly audit   'is-obj': [ '1.0.1' ],
97 silly audit   'is-path-cwd': [ '2.2.0' ],
97 silly audit   'is-path-inside': [ '3.0.3' ],
97 silly audit   'is-plain-obj': [ '3.0.0' ],
97 silly audit   'is-potential-custom-element-name': [ '1.0.1' ],
97 silly audit   'is-regex': [ '1.1.4' ],
97 silly audit   'is-regexp': [ '1.0.0' ],
97 silly audit   'is-root': [ '2.1.0' ],
97 silly audit   'is-shared-array-buffer': [ '1.0.1' ],
97 silly audit   'is-stream': [ '2.0.1' ],
97 silly audit   'is-string': [ '1.0.7' ],
97 silly audit   'is-symbol': [ '1.0.4' ],
97 silly audit   'is-typedarray': [ '1.0.0' ],
97 silly audit   'is-weakref': [ '1.0.2' ],
97 silly audit   'is-wsl': [ '2.2.0' ],
97 silly audit   isarray: [ '1.0.0' ],
97 silly audit   isexe: [ '2.0.0' ],
97 silly audit   'istanbul-lib-coverage': [ '3.2.0' ],
97 silly audit   'istanbul-lib-report': [ '3.0.0' ],
97 silly audit   'istanbul-lib-source-maps': [ '4.0.1' ],
97 silly audit   'istanbul-reports': [ '3.1.1' ],
97 silly audit   jake: [ '10.8.2' ],
97 silly audit   jest: [ '27.4.5' ],
97 silly audit   'jest-changed-files': [ '27.4.2' ],
97 silly audit   'jest-circus': [ '27.4.5' ],
97 silly audit   'jest-cli': [ '27.4.5' ],
97 silly audit   'jest-config': [ '27.4.5' ],
97 silly audit   'jest-diff': [ '27.4.2' ],
97 silly audit   'jest-docblock': [ '27.4.0' ],
97 silly audit   'jest-each': [ '27.4.2' ],
97 silly audit   'jest-environment-jsdom': [ '27.4.4' ],
97 silly audit   'jest-environment-node': [ '27.4.4' ],
97 silly audit   'jest-get-type': [ '27.4.0' ],
97 silly audit   'jest-haste-map': [ '27.4.5' ],
97 silly audit   'jest-jasmine2': [ '27.4.5' ],
97 silly audit   'jest-leak-detector': [ '27.4.2' ],
97 silly audit   'jest-matcher-utils': [ '27.4.2' ],
97 silly audit   'jest-message-util': [ '27.4.2' ],
97 silly audit   'jest-mock': [ '27.4.2' ],
97 silly audit   'jest-pnp-resolver': [ '1.2.2' ],
97 silly audit   'jest-regex-util': [ '27.4.0' ],
97 silly audit   'jest-resolve': [ '27.4.5' ],
97 silly audit   'jest-resolve-dependencies': [ '27.4.5' ],
97 silly audit   'jest-runner': [ '27.4.5' ],
97 silly audit   'jest-runtime': [ '27.4.5' ],
97 silly audit   'jest-serializer': [ '27.4.0' ],
97 silly audit   'jest-snapshot': [ '27.4.5' ],
97 silly audit   'jest-util': [ '27.4.2' ],
97 silly audit   'jest-validate': [ '27.4.2' ],
97 silly audit   'jest-watch-typeahead': [ '1.0.0' ],
97 silly audit   slash: [ '4.0.0', '3.0.0' ],
97 silly audit   'string-length': [ '5.0.1', '4.0.2' ],
97 silly audit   'strip-ansi': [ '7.0.1', '6.0.1' ],
97 silly audit   'jest-watcher': [ '27.4.2' ],
97 silly audit   'jest-worker': [ '27.4.5', '26.6.2' ],
97 silly audit   'js-tokens': [ '4.0.0' ],
97 silly audit   jsdom: [ '16.7.0' ],
97 silly audit   jsesc: [ '2.5.2', '0.5.0' ],
97 silly audit   'json-parse-better-errors': [ '1.0.2' ],
97 silly audit   'json-parse-even-better-errors': [ '2.3.1' ],
97 silly audit   'json-schema': [ '0.4.0' ],
97 silly audit   'json-stable-stringify-without-jsonify': [ '1.0.1' ],
97 silly audit   jsonfile: [ '6.1.0' ],
97 silly audit   jsonpointer: [ '5.0.0' ],
97 silly audit   'jsx-ast-utils': [ '3.2.1' ],
97 silly audit   'kind-of': [ '6.0.3' ],
97 silly audit   kleur: [ '3.0.3' ],
97 silly audit   klona: [ '2.0.5' ],
97 silly audit   'language-subtag-registry': [ '0.3.21' ],
97 silly audit   'language-tags': [ '1.0.5' ],
97 silly audit   leven: [ '3.1.0' ],
97 silly audit   lilconfig: [ '2.0.4' ],
97 silly audit   'lines-and-columns': [ '1.2.4' ],
97 silly audit   'loader-runner': [ '4.2.0' ],
97 silly audit   lodash: [ '4.17.21' ],
97 silly audit   'lodash.debounce': [ '4.0.8' ],
97 silly audit   'lodash.memoize': [ '4.1.2' ],
97 silly audit   'lodash.merge': [ '4.6.2' ],
97 silly audit   'lodash.sortby': [ '4.7.0' ],
97 silly audit   'lodash.uniq': [ '4.5.0' ],
97 silly audit   'loose-envify': [ '1.4.0' ],
97 silly audit   'lower-case': [ '2.0.2' ],
97 silly audit   'lru-cache': [ '6.0.0' ],
97 silly audit   'lz-string': [ '1.4.4' ],
97 silly audit   'magic-string': [ '0.25.7' ],
97 silly audit   'make-dir': [ '3.1.0' ],
97 silly audit   makeerror: [ '1.0.12' ],
97 silly audit   'media-typer': [ '0.3.0' ],
97 silly audit   memfs: [ '3.4.0' ],
97 silly audit   'merge-descriptors': [ '1.0.1' ],
97 silly audit   'merge-stream': [ '2.0.0' ],
97 silly audit   merge2: [ '1.4.1' ],
97 silly audit   methods: [ '1.1.2' ],
97 silly audit   micromatch: [ '4.0.4' ],
97 silly audit   mime: [ '1.6.0' ],
97 silly audit   'mime-db': [ '1.51.0' ],
97 silly audit   'mime-types': [ '2.1.34' ],
97 silly audit   'mimic-fn': [ '2.1.0' ],
97 silly audit   'min-indent': [ '1.0.1' ],
97 silly audit   'mini-css-extract-plugin': [ '2.4.5' ],
97 silly audit   'minimalistic-assert': [ '1.0.1' ],
97 silly audit   minimatch: [ '3.0.4' ],
97 silly audit   minimist: [ '1.2.5' ],
97 silly audit   mkdirp: [ '0.5.5' ],
97 silly audit   'multicast-dns': [ '6.2.3' ],
97 silly audit   'multicast-dns-service-types': [ '1.1.0' ],
97 silly audit   nanoid: [ '3.1.30' ],
97 silly audit   'natural-compare': [ '1.4.0' ],
97 silly audit   negotiator: [ '0.6.2' ],
97 silly audit   'neo-async': [ '2.6.2' ],
97 silly audit   'no-case': [ '3.0.4' ],
97 silly audit   'node-forge': [ '0.10.0' ],
97 silly audit   'node-int64': [ '0.4.0' ],
97 silly audit   'node-releases': [ '2.0.1' ],
97 silly audit   'normalize-path': [ '3.0.0' ],
97 silly audit   'normalize-range': [ '0.1.2' ],
97 silly audit   'normalize-url': [ '6.1.0' ],
97 silly audit   'npm-run-path': [ '4.0.1' ],
97 silly audit   'nth-check': [ '2.0.1', '1.0.2' ],
97 silly audit   nwsapi: [ '2.2.0' ],
97 silly audit   'object-assign': [ '4.1.1' ],
97 silly audit   'object-hash': [ '2.2.0' ],
97 silly audit   'object-inspect': [ '1.12.0' ],
97 silly audit   'object-is': [ '1.1.5' ],
97 silly audit   'object-keys': [ '1.1.1' ],
97 silly audit   'object.assign': [ '4.1.2' ],
97 silly audit   'object.entries': [ '1.1.5' ],
97 silly audit   'object.fromentries': [ '2.0.5' ],
97 silly audit   'object.getownpropertydescriptors': [ '2.1.3' ],
97 silly audit   'object.hasown': [ '1.1.0' ],
97 silly audit   'object.values': [ '1.1.5' ],
97 silly audit   obuf: [ '1.1.2' ],
97 silly audit   'on-finished': [ '2.3.0' ],
97 silly audit   'on-headers': [ '1.0.2' ],
97 silly audit   once: [ '1.4.0' ],
97 silly audit   onetime: [ '5.1.2' ],
97 silly audit   open: [ '8.4.0' ],
97 silly audit   'p-map': [ '4.0.0' ],
97 silly audit   'p-retry': [ '4.6.1' ],
97 silly audit   'param-case': [ '3.0.4' ],
97 silly audit   'parent-module': [ '1.0.1' ],
97 silly audit   'parse-json': [ '5.2.0' ],
97 silly audit   parse5: [ '6.0.1' ],
97 silly audit   parseurl: [ '1.3.3' ],
97 silly audit   'pascal-case': [ '3.1.2' ],
97 silly audit   'path-is-absolute': [ '1.0.1' ],
97 silly audit   'path-key': [ '3.1.1' ],
97 silly audit   'path-parse': [ '1.0.7' ],
97 silly audit   'path-to-regexp': [ '0.1.7' ],
97 silly audit   'path-type': [ '4.0.0' ],
97 silly audit   'performance-now': [ '2.1.0' ],
97 silly audit   picocolors: [ '1.0.0', '0.2.1' ],
97 silly audit   picomatch: [ '2.3.0' ],
97 silly audit   pirates: [ '4.0.4' ],
97 silly audit   'pkg-up': [ '3.1.0' ],
97 silly audit   portfinder: [ '1.0.28' ],
97 silly audit   postcss: [ '8.4.5', '7.0.39' ],
97 silly audit   'postcss-attribute-case-insensitive': [ '5.0.0' ],
97 silly audit   'postcss-browser-comments': [ '4.0.0' ],
97 silly audit   'postcss-calc': [ '8.0.0' ],
97 silly audit   'postcss-color-functional-notation': [ '4.1.0' ],
97 silly audit   'postcss-color-hex-alpha': [ '8.0.1' ],
97 silly audit   'postcss-color-rebeccapurple': [ '7.0.1' ],
97 silly audit   'postcss-colormin': [ '5.2.2' ],
97 silly audit   'postcss-convert-values': [ '5.0.2' ],
97 silly audit   'postcss-custom-media': [ '8.0.0' ],
97 silly audit   'postcss-custom-properties': [ '12.0.1' ],
97 silly audit   'postcss-custom-selectors': [ '6.0.0' ],
97 silly audit   'postcss-dir-pseudo-class': [ '6.0.1' ],
97 silly audit   'postcss-discard-comments': [ '5.0.1' ],
97 silly audit   'postcss-discard-duplicates': [ '5.0.1' ],
97 silly audit   'postcss-discard-empty': [ '5.0.1' ],
97 silly audit   'postcss-discard-overridden': [ '5.0.1' ],
97 silly audit   'postcss-double-position-gradients': [ '3.0.3' ],
97 silly audit   'postcss-env-function': [ '4.0.3' ],
97 silly audit   'postcss-flexbugs-fixes': [ '5.0.2' ],
97 silly audit   'postcss-focus-visible': [ '6.0.2' ],
97 silly audit   'postcss-focus-within': [ '5.0.2' ],
97 silly audit   'postcss-font-variant': [ '5.0.0' ],
97 silly audit   'postcss-gap-properties': [ '3.0.1' ],
97 silly audit   'postcss-image-set-function': [ '4.0.3' ],
97 silly audit   'postcss-initial': [ '4.0.1' ],
97 silly audit   'postcss-js': [ '3.0.3' ],
97 silly audit   'postcss-lab-function': [ '4.0.2' ],
97 silly audit   'postcss-load-config': [ '3.1.0' ],
97 silly audit   'postcss-loader': [ '6.2.1' ],
97 silly audit   'postcss-logical': [ '5.0.1' ],
97 silly audit   'postcss-media-minmax': [ '5.0.0' ],
97 silly audit   'postcss-merge-longhand': [ '5.0.4' ],
97 silly audit   'postcss-merge-rules': [ '5.0.3' ],
97 silly audit   'postcss-minify-font-values': [ '5.0.1' ],
97 silly audit   'postcss-minify-gradients': [ '5.0.3' ],
97 silly audit   'postcss-minify-params': [ '5.0.2' ],
97 silly audit   'postcss-minify-selectors': [ '5.1.0' ],
97 silly audit   'postcss-modules-extract-imports': [ '3.0.0' ],
97 silly audit   'postcss-modules-local-by-default': [ '4.0.0' ],
97 silly audit   'postcss-modules-scope': [ '3.0.0' ],
97 silly audit   'postcss-modules-values': [ '4.0.0' ],
97 silly audit   'postcss-nested': [ '5.0.6' ],
97 silly audit   'postcss-nesting': [ '10.0.3' ],
97 silly audit   'postcss-normalize': [ '10.0.1' ],
97 silly audit   'postcss-normalize-charset': [ '5.0.1' ],
97 silly audit   'postcss-normalize-display-values': [ '5.0.1' ],
97 silly audit   'postcss-normalize-positions': [ '5.0.1' ],
97 silly audit   'postcss-normalize-repeat-style': [ '5.0.1' ],
97 silly audit   'postcss-normalize-string': [ '5.0.1' ],
97 silly audit   'postcss-normalize-timing-functions': [ '5.0.1' ],
97 silly audit   'postcss-normalize-unicode': [ '5.0.1' ],
97 silly audit   'postcss-normalize-url': [ '5.0.4' ],
97 silly audit   'postcss-normalize-whitespace': [ '5.0.1' ],
97 silly audit   'postcss-ordered-values': [ '5.0.2' ],
97 silly audit   'postcss-overflow-shorthand': [ '3.0.1' ],
97 silly audit   'postcss-page-break': [ '3.0.4' ],
97 silly audit   'postcss-place': [ '7.0.2' ],
97 silly audit   'postcss-preset-env': [ '7.0.2' ],
97 silly audit   'postcss-pseudo-class-any-link': [ '7.0.1' ],
97 silly audit   'postcss-reduce-initial': [ '5.0.2' ],
97 silly audit   'postcss-reduce-transforms': [ '5.0.1' ],
97 silly audit   'postcss-replace-overflow-wrap': [ '4.0.0' ],
97 silly audit   'postcss-selector-not': [ '5.0.0' ],
97 silly audit   'postcss-selector-parser': [ '6.0.7' ],
97 silly audit   'postcss-svgo': [ '5.0.3' ],
97 silly audit   svgo: [ '2.8.0', '1.3.2' ],
97 silly audit   'postcss-unique-selectors': [ '5.0.2' ],
97 silly audit   'postcss-value-parser': [ '4.2.0' ],
97 silly audit   'pretty-bytes': [ '5.6.0' ],
97 silly audit   'pretty-error': [ '4.0.0' ],
97 silly audit   'pretty-format': [ '27.4.2' ],
97 silly audit   'process-nextick-args': [ '2.0.1' ],
97 silly audit   progress: [ '2.0.3' ],
97 silly audit   promise: [ '8.1.0' ],
97 silly audit   prompts: [ '2.4.2' ],
97 silly audit   'prop-types': [ '15.7.2' ],
97 silly audit   'react-is': [ '16.13.1', '17.0.2' ],
97 silly audit   'proxy-addr': [ '2.0.7' ],
97 silly audit   psl: [ '1.8.0' ],
97 silly audit   punycode: [ '2.1.1', '1.3.2' ],
97 silly audit   q: [ '1.5.1' ],
97 silly audit   qs: [ '6.9.6' ],
97 silly audit   querystring: [ '0.2.0' ],
97 silly audit   'queue-microtask': [ '1.2.3' ],
97 silly audit   'quick-lru': [ '5.1.1' ],
97 silly audit   raf: [ '3.4.1' ],
97 silly audit   randombytes: [ '2.1.0' ],
97 silly audit   'range-parser': [ '1.2.1' ],
97 silly audit   'raw-body': [ '2.4.2' ],
97 silly audit   react: [ '17.0.2' ],
97 silly audit   'react-app-polyfill': [ '3.0.0' ],
97 silly audit   'react-dev-utils': [ '12.0.0' ],
97 silly audit   'react-dom': [ '17.0.2' ],
97 silly audit   'react-error-overlay': [ '6.0.10' ],
97 silly audit   'react-icons': [ '4.3.1' ],
97 silly audit   'react-refresh': [ '0.11.0' ],
97 silly audit   'react-scripts': [ '5.0.0' ],
97 silly audit   readdirp: [ '3.6.0' ],
97 silly audit   'recursive-readdir': [ '2.2.2' ],
97 silly audit   redent: [ '3.0.0' ],
97 silly audit   regenerate: [ '1.4.2' ],
97 silly audit   'regenerate-unicode-properties': [ '9.0.0' ],
97 silly audit   'regenerator-runtime': [ '0.13.9' ],
97 silly audit   'regenerator-transform': [ '0.14.5' ],
97 silly audit   'regex-parser': [ '2.2.11' ],
97 silly audit   'regexp.prototype.flags': [ '1.3.1' ],
97 silly audit   regexpp: [ '3.2.0' ],
97 silly audit   'regexpu-core': [ '4.8.0' ],
97 silly audit   regjsgen: [ '0.5.2' ],
97 silly audit   regjsparser: [ '0.7.0' ],
97 silly audit   relateurl: [ '0.2.7' ],
97 silly audit   renderkid: [ '3.0.0' ],
97 silly audit   'require-directory': [ '2.1.1' ],
97 silly audit   'require-from-string': [ '2.0.2' ],
97 silly audit   'requires-port': [ '1.0.0' ],
97 silly audit   'resolve-cwd': [ '3.0.0' ],
97 silly audit   'resolve-url-loader': [ '4.0.0' ],
97 silly audit   'resolve.exports': [ '1.1.0' ],
97 silly audit   retry: [ '0.13.1' ],
97 silly audit   reusify: [ '1.0.4' ],
97 silly audit   rimraf: [ '3.0.2' ],
97 silly audit   rollup: [ '2.61.1' ],
97 silly audit   'rollup-plugin-terser': [ '7.0.2' ],
97 silly audit   'serialize-javascript': [ '4.0.0', '6.0.0' ],
97 silly audit   'run-parallel': [ '1.2.0' ],
97 silly audit   'safer-buffer': [ '2.1.2' ],
97 silly audit   'sanitize.css': [ '13.0.0' ],
97 silly audit   'sass-loader': [ '12.4.0' ],
97 silly audit   sax: [ '1.2.4' ],
97 silly audit   saxes: [ '5.0.1' ],
97 silly audit   scheduler: [ '0.20.2' ],
97 silly audit   'select-hose': [ '2.0.0' ],
97 silly audit   selfsigned: [ '1.10.11' ],
97 silly audit   send: [ '0.17.2' ],
97 silly audit   'serve-index': [ '1.9.1' ],
97 silly audit   setprototypeof: [ '1.1.0', '1.2.0' ],
97 silly audit   'serve-static': [ '1.14.2' ],
97 silly audit   'shebang-command': [ '2.0.0' ],
97 silly audit   'shebang-regex': [ '3.0.0' ],
97 silly audit   'shell-quote': [ '1.7.3' ],
97 silly audit   'side-channel': [ '1.0.4' ],
97 silly audit   'signal-exit': [ '3.0.6' ],
97 silly audit   sisteransi: [ '1.0.5' ],
97 silly audit   sockjs: [ '0.3.24' ],
97 silly audit   'source-list-map': [ '2.0.1' ],
97 silly audit   'source-map-js': [ '1.0.1', '0.6.2' ],
97 silly audit   'source-map-loader': [ '3.0.0' ],
97 silly audit   'source-map-resolve': [ '0.6.0' ],
97 silly audit   'source-map-support': [ '0.5.21' ],
97 silly audit   'source-map-url': [ '0.4.1' ],
97 silly audit   'sourcemap-codec': [ '1.4.8' ],
97 silly audit   spdy: [ '4.0.2' ],
97 silly audit   'spdy-transport': [ '3.0.0' ],
97 silly audit   'sprintf-js': [ '1.0.3' ],
97 silly audit   stable: [ '0.1.8' ],
97 silly audit   'stack-utils': [ '2.0.5' ],
97 silly audit   stackframe: [ '1.2.0' ],
97 silly audit   statuses: [ '1.5.0' ],
97 silly audit   'string-natural-compare': [ '3.0.1' ],
97 silly audit   'string-width': [ '4.2.3' ],
97 silly audit   'string.prototype.matchall': [ '4.0.6' ],
97 silly audit   'string.prototype.trimend': [ '1.0.4' ],
97 silly audit   'string.prototype.trimstart': [ '1.0.4' ],
97 silly audit   'stringify-object': [ '3.3.0' ],
97 silly audit   'strip-bom': [ '4.0.0', '3.0.0' ],
97 silly audit   'strip-comments': [ '2.0.1' ],
97 silly audit   'strip-final-newline': [ '2.0.0' ],
97 silly audit   'strip-indent': [ '3.0.0' ],
97 silly audit   'strip-json-comments': [ '3.1.1' ],
97 silly audit   'style-loader': [ '3.3.1' ],
97 silly audit   stylehacks: [ '5.0.1' ],
97 silly audit   'supports-hyperlinks': [ '2.2.0' ],
97 silly audit   'svg-parser': [ '2.0.4' ],
97 silly audit   'symbol-tree': [ '3.2.4' ],
97 silly audit   tailwindcss: [ '3.0.7' ],
97 silly audit   'temp-dir': [ '2.0.0' ],
97 silly audit   tempy: [ '0.6.0' ],
97 silly audit   'terminal-link': [ '2.1.1' ],
97 silly audit   terser: [ '5.10.0' ],
97 silly audit   'terser-webpack-plugin': [ '5.3.0' ],
97 silly audit   'test-exclude': [ '6.0.0' ],
97 silly audit   'text-table': [ '0.2.0' ],
97 silly audit   throat: [ '6.0.1' ],
97 silly audit   thunky: [ '1.1.0' ],
97 silly audit   timsort: [ '0.3.0' ],
97 silly audit   tmp: [ '0.2.1' ],
97 silly audit   tmpl: [ '1.0.5' ],
97 silly audit   'to-fast-properties': [ '2.0.0' ],
97 silly audit   'to-regex-range': [ '5.0.1' ],
97 silly audit   toidentifier: [ '1.0.1' ],
97 silly audit   'tough-cookie': [ '4.0.0' ],
97 silly audit   universalify: [ '0.1.2', '2.0.0' ],
97 silly audit   tr46: [ '2.1.0', '1.0.1' ],
97 silly audit   tryer: [ '1.0.1' ],
97 silly audit   'tsconfig-paths': [ '3.12.0' ],
97 silly audit   tslib: [ '2.3.1', '1.14.1' ],
97 silly audit   tsutils: [ '3.21.0' ],
97 silly audit   'type-detect': [ '4.0.8' ],
97 silly audit   'type-is': [ '1.6.18' ],
97 silly audit   'typedarray-to-buffer': [ '3.1.5' ],
97 silly audit   typescript: [ '4.5.4' ],
97 silly audit   'unbox-primitive': [ '1.0.1' ],
97 silly audit   'unicode-canonical-property-names-ecmascript': [ '2.0.0' ],
97 silly audit   'unicode-match-property-ecmascript': [ '2.0.0' ],
97 silly audit   'unicode-match-property-value-ecmascript': [ '2.0.0' ],
97 silly audit   'unicode-property-aliases-ecmascript': [ '2.0.0' ],
97 silly audit   'unique-string': [ '2.0.0' ],
97 silly audit   unpipe: [ '1.0.0' ],
97 silly audit   unquote: [ '1.1.1' ],
97 silly audit   upath: [ '1.2.0' ],
97 silly audit   'uri-js': [ '4.4.1' ],
97 silly audit   url: [ '0.11.0' ],
97 silly audit   'util-deprecate': [ '1.0.2' ],
97 silly audit   'util.promisify': [ '1.0.1' ],
97 silly audit   utila: [ '0.4.0' ],
97 silly audit   'utils-merge': [ '1.0.1' ],
97 silly audit   uuid: [ '8.3.2' ],
97 silly audit   'v8-compile-cache': [ '2.3.0' ],
97 silly audit   'v8-to-istanbul': [ '8.1.0' ],
97 silly audit   vary: [ '1.1.2' ],
97 silly audit   'w3c-hr-time': [ '1.0.2' ],
97 silly audit   'w3c-xmlserializer': [ '2.0.0' ],
97 silly audit   walker: [ '1.0.8' ],
97 silly audit   watchpack: [ '2.3.1' ],
97 silly audit   wbuf: [ '1.7.3' ],
97 silly audit   'web-vitals': [ '2.1.2' ],
97 silly audit   webpack: [ '5.65.0' ],
97 silly audit   'webpack-dev-middleware': [ '5.3.0' ],
97 silly audit   'webpack-dev-server': [ '4.7.0' ],
97 silly audit   ws: [ '8.4.0', '7.5.6' ],
97 silly audit   'webpack-manifest-plugin': [ '4.0.2' ],
97 silly audit   'webpack-sources': [ '2.3.1', '3.2.2', '1.4.3' ],
97 silly audit   'websocket-driver': [ '0.7.4' ],
97 silly audit   'websocket-extensions': [ '0.1.4' ],
97 silly audit   'whatwg-encoding': [ '1.0.5' ],
97 silly audit   'whatwg-fetch': [ '3.6.2' ],
97 silly audit   'whatwg-mimetype': [ '2.3.0' ],
97 silly audit   'whatwg-url': [ '8.7.0', '7.1.0' ],
97 silly audit   'which-boxed-primitive': [ '1.0.2' ],
97 silly audit   'word-wrap': [ '1.2.3' ],
97 silly audit   'workbox-background-sync': [ '6.4.2' ],
97 silly audit   'workbox-broadcast-update': [ '6.4.2' ],
97 silly audit   'workbox-build': [ '6.4.2' ],
97 silly audit   '@apideck/better-ajv-errors': [ '0.3.1' ],
97 silly audit   'workbox-cacheable-response': [ '6.4.2' ],
97 silly audit   'workbox-core': [ '6.4.2' ],
97 silly audit   'workbox-expiration': [ '6.4.2' ],
97 silly audit   'workbox-google-analytics': [ '6.4.2' ],
97 silly audit   'workbox-navigation-preload': [ '6.4.2' ],
97 silly audit   'workbox-precaching': [ '6.4.2' ],
97 silly audit   'workbox-range-requests': [ '6.4.2' ],
97 silly audit   'workbox-recipes': [ '6.4.2' ],
97 silly audit   'workbox-routing': [ '6.4.2' ],
97 silly audit   'workbox-strategies': [ '6.4.2' ],
97 silly audit   'workbox-streams': [ '6.4.2' ],
97 silly audit   'workbox-sw': [ '6.4.2' ],
97 silly audit   'workbox-webpack-plugin': [ '6.4.2' ],
97 silly audit   'workbox-window': [ '6.4.2' ],
97 silly audit   'wrap-ansi': [ '7.0.0' ],
97 silly audit   wrappy: [ '1.0.2' ],
97 silly audit   'write-file-atomic': [ '3.0.3' ],
97 silly audit   'xml-name-validator': [ '3.0.0' ],
97 silly audit   xmlchars: [ '2.2.0' ],
97 silly audit   xtend: [ '4.0.2' ],
97 silly audit   y18n: [ '5.0.8' ],
97 silly audit   yallist: [ '4.0.0' ],
97 silly audit   yaml: [ '1.10.2' ],
97 silly audit   yargs: [ '16.2.0' ],
97 silly audit   'yargs-parser': [ '20.2.9' ],
97 silly audit   'yocto-queue': [ '0.1.0' ],
97 silly audit   'react-router-dom': [ '6.2.1' ],
97 silly audit   history: [ '5.2.0' ],
97 silly audit   'react-router': [ '6.2.1' ]
97 silly audit }
98 verbose reify failed optional dependency C:\Users\Aleksandra Miteva\Desktop\CMS_Projekt_Miteva_Galina\frontend\node_modules\fsevents
99 silly reify mark deleted [
99 silly reify   'C:\\Users\\Aleksandra Miteva\\Desktop\\CMS_Projekt_Miteva_Galina\\frontend\\node_modules\\fsevents'
99 silly reify ]
100 timing reifyNode:node_modules/fsevents Completed in 5ms
101 silly tarball no local data for react-router@https://registry.npmjs.org/react-router/-/react-router-6.2.1.tgz. Extracting by manifest.
102 silly tarball no local data for history@https://registry.npmjs.org/history/-/history-5.2.0.tgz. Extracting by manifest.
103 silly tarball no local data for react-router-dom@https://registry.npmjs.org/react-router-dom/-/react-router-dom-6.2.1.tgz. Extracting by manifest.
104 http fetch GET 200 https://registry.npmjs.org/react-router/-/react-router-6.2.1.tgz 189ms (cache miss)
105 timing reifyNode:node_modules/react-router Completed in 205ms
106 http fetch POST 200 https://registry.npmjs.org/-/npm/v1/security/advisories/bulk 336ms
107 timing auditReport:getReport Completed in 375ms
108 silly audit report {
108 silly audit report   'nth-check': [
108 silly audit report     {
108 silly audit report       id: 1004967,
108 silly audit report       url: 'https://github.com/advisories/GHSA-rp65-9cf3-cjxr',
108 silly audit report       title: 'Inefficient Regular Expression Complexity in nth-check',
108 silly audit report       severity: 'moderate',
108 silly audit report       vulnerable_versions: '<2.0.1'
108 silly audit report     }
108 silly audit report   ]
108 silly audit report }
109 timing metavuln:cache:get:security-advisory:nth-check:phzbT+HCVgpA1C0GvSQ+THzeiYTr85AjCi0uOiMdmcC5FQFZSg2cAxsM7WmntPfv9aYplGKdCep6sPcOzXhQDw== Completed in 24ms
110 http fetch GET 200 https://registry.npmjs.org/react-router-dom/-/react-router-dom-6.2.1.tgz 335ms (cache miss)
111 timing reifyNode:node_modules/react-router-dom Completed in 359ms
112 http fetch GET 200 https://registry.npmjs.org/history/-/history-5.2.0.tgz 352ms (cache miss)
113 timing reifyNode:node_modules/history Completed in 371ms
114 timing reify:unpack Completed in 372ms
115 timing reify:unretire Completed in 0ms
116 timing build:queue Completed in 9ms
117 timing build:deps Completed in 11ms
118 timing build Completed in 11ms
119 timing reify:build Completed in 12ms
120 timing reify:trash Completed in 1ms
121 timing reify:save Completed in 504ms
122 http fetch GET 200 https://registry.npmjs.org/nth-check 742ms (cache revalidated)
123 timing metavuln:packument:nth-check Completed in 743ms
124 timing metavuln:load:security-advisory:nth-check:1004967 Completed in 1ms
125 timing metavuln:calculate:security-advisory:nth-check:1004967 Completed in 745ms
126 timing metavuln:cache:get:security-advisory:css-select:QvKraIGpcyVxEwFP0qxpEFcY9Kx8ThCeiILkMKxPQIjEnGuEnh3anOmKy/kR5kMZzYPfqYeVltD9/X58U3TjZA== Completed in 21ms
127 http fetch GET 200 https://registry.npmjs.org/css-select 525ms (cache revalidated)
128 timing metavuln:packument:css-select Completed in 529ms
129 timing metavuln:load:security-advisory:css-select:phzbT+HCVgpA1C0GvSQ+THzeiYTr85AjCi0uOiMdmcC5FQFZSg2cAxsM7WmntPfv9aYplGKdCep6sPcOzXhQDw== Completed in 0ms
130 timing metavuln:calculate:security-advisory:css-select:phzbT+HCVgpA1C0GvSQ+THzeiYTr85AjCi0uOiMdmcC5FQFZSg2cAxsM7WmntPfv9aYplGKdCep6sPcOzXhQDw== Completed in 530ms
131 timing metavuln:cache:get:security-advisory:svgo:OHZB6d+CGzzJH+SGXY8su3iJlNH1NaDqhuoKFdPTyWeAjlh6ziaxYy3xIs9UP2Db/gO8IGXhgy1CK5CKZYcXwQ== Completed in 193ms
132 http fetch GET 200 https://registry.npmjs.org/svgo 327ms (cache revalidated)
133 timing metavuln:packument:svgo Completed in 329ms
134 timing metavuln:load:security-advisory:svgo:QvKraIGpcyVxEwFP0qxpEFcY9Kx8ThCeiILkMKxPQIjEnGuEnh3anOmKy/kR5kMZzYPfqYeVltD9/X58U3TjZA== Completed in 1ms
135 timing metavuln:calculate:security-advisory:svgo:QvKraIGpcyVxEwFP0qxpEFcY9Kx8ThCeiILkMKxPQIjEnGuEnh3anOmKy/kR5kMZzYPfqYeVltD9/X58U3TjZA== Completed in 332ms
136 timing metavuln:cache:get:security-advisory:@svgr/plugin-svgo:Y6Uz1R+7eFJi7z9OuDLVFqOqoa+KNEJXoDBaJOvNkGbMybgpFGFyUp3+/hgnlcnP6e++1CmOu8Xd7rAkpDq1oA== Completed in 27ms
137 http fetch GET 200 https://registry.npmjs.org/@svgr%2fplugin-svgo 495ms (cache revalidated)
138 timing metavuln:packument:@svgr/plugin-svgo Completed in 496ms
139 timing metavuln:load:security-advisory:@svgr/plugin-svgo:OHZB6d+CGzzJH+SGXY8su3iJlNH1NaDqhuoKFdPTyWeAjlh6ziaxYy3xIs9UP2Db/gO8IGXhgy1CK5CKZYcXwQ== Completed in 0ms
140 timing metavuln:calculate:security-advisory:@svgr/plugin-svgo:OHZB6d+CGzzJH+SGXY8su3iJlNH1NaDqhuoKFdPTyWeAjlh6ziaxYy3xIs9UP2Db/gO8IGXhgy1CK5CKZYcXwQ== Completed in 497ms
141 timing metavuln:cache:get:security-advisory:@svgr/webpack:9FU+S2nJEE9qkmhw2e9Qf+9r/PGgNQ8ZoC8exzk0iSJUeIPgYWWBDoxV2liO7htWV1W8bttqd7DeVRnSLtQfNA== Completed in 39ms
142 http fetch GET 200 https://registry.npmjs.org/@svgr%2fwebpack 221ms (cache revalidated)
143 timing metavuln:packument:@svgr/webpack Completed in 224ms
144 timing metavuln:load:security-advisory:@svgr/webpack:Y6Uz1R+7eFJi7z9OuDLVFqOqoa+KNEJXoDBaJOvNkGbMybgpFGFyUp3+/hgnlcnP6e++1CmOu8Xd7rAkpDq1oA== Completed in 1ms
145 timing metavuln:calculate:security-advisory:@svgr/webpack:Y6Uz1R+7eFJi7z9OuDLVFqOqoa+KNEJXoDBaJOvNkGbMybgpFGFyUp3+/hgnlcnP6e++1CmOu8Xd7rAkpDq1oA== Completed in 225ms
146 timing metavuln:cache:get:security-advisory:react-scripts:IxmbYQwbfx1OM+t5jacV0IuBwTPOeRze73fJRsKpJhch5By5il4jatxcvsPLEimK5AamC6GEhMc9hyiVH08NBg== Completed in 20ms
147 http fetch GET 200 https://registry.npmjs.org/react-scripts 137ms (cache revalidated)
148 timing metavuln:packument:react-scripts Completed in 145ms
149 timing metavuln:load:security-advisory:react-scripts:9FU+S2nJEE9qkmhw2e9Qf+9r/PGgNQ8ZoC8exzk0iSJUeIPgYWWBDoxV2liO7htWV1W8bttqd7DeVRnSLtQfNA== Completed in 2ms
150 timing metavuln:calculate:security-advisory:react-scripts:9FU+S2nJEE9qkmhw2e9Qf+9r/PGgNQ8ZoC8exzk0iSJUeIPgYWWBDoxV2liO7htWV1W8bttqd7DeVRnSLtQfNA== Completed in 147ms
151 timing auditReport:init Completed in 2525ms
152 timing reify:audit Completed in 2902ms
153 timing reify Completed in 8041ms
154 silly ADD node_modules/react-router
155 silly ADD node_modules/history
156 silly ADD node_modules/react-router-dom
157 silly ADD
158 timing command:i Completed in 8071ms
159 verbose exit 0
160 timing npm Completed in 8652ms
161 info ok
